java Main 50 false # executing the program
[33mSTART HERE[0m
Function: Alpine [-10.0,10.0]
numDimensions: 50
decomposeGenerations: 1000
[32mRun #0[0m
	Best Individual: [64.83376199138829,-14.185148192278614,19.98379772043871,176.9833658193137,-76.64006085924575,-32.606624579201615,70.01365266550201,-80.6777809918942,-49.02140651425305,26.516696972190633,33.70971029847557,-45.76267406540396,-51.99670316584444,80.66869365209246,-61.098762446475405,-63.974679764509034,-42.434368302676866,52.240982977036325,-36.53281344081147,7.566765095475397,-26.8556619491152,64.83291423329678,10.844128329385827,-39.13645691454094,-76.93524242041798,-42.73753342913863,-87.08195996956694,-48.597321052176035,20.86445349160785,84.04560042785948,-26.55473440791028,20.274196570136713,183.8020084505173,7.841436494037568,39.48778174746918,-77.05960794700546,-95.03109205633196,139.9368779830013,45.58353459241786,-46.40944763314731,-44.95824999625198,67.44621893983407,133.95783805801972,57.838147229812286,83.00681425919537,-30.050673836047018,25.888877723713602,54.56671920528999,30.19490175750313,-67.00551321502482
	Fitness: -4.528186052498041E39
	Number of Iterations: 26
[32mRun #1[0m
	Best Individual: [192.6087381780169,77.6728909924732,-26.498034470049465,-70.72293451164376,-121.20589108912168,8.106948365595068,17.35593383569866,46.048688168135435,35.66939626658051,-92.73339742370439,-38.81436236787634,-14.091590683564457,41.857154667306915,-48.699206798421145,-51.96976920567111,-39.336711934012136,11.026096897001981,99.59673990686485,-41.95081239187144,32.756458129059574,14.577185843662058,83.0444263219199,-45.93665960237177,76.5768051326308,26.888254543867628,19.76765896369521,-76.76034350703114,52.066386877222406,23.61737650914983,-35.64505516499442,-13.406452849654018,-24.041049888597897,8.174803516601377,-67.92327511032943,-51.709694905484895,-70.07781337752786,-20.456338527788624,51.36983523054377,-14.497086659938608,111.70591231795859,33.126949415819645,77.26389203033233,48.79100540873853,-89.93727729253965,45.3029411321864,-167.9331377925012,-58.30264425920656,-101.88819750591993,-17.066443832080957,-58.43544098289885
	Fitness: -1.1305527246909345E39
	Number of Iterations: 24
[32mRun #2[0m
	Best Individual: [27.435850055587448,-39.774624330561544,35.36252847140667,-74.02071308656093,-76.74926610809709,72.99613146628599,-117.25809753717272,68.36492877965861,61.54190266463647,107.96217274310365,-64.75182095793133,-48.827182743205825,123.88051193938259,52.028158573300196,-20.40493404132878,-145.80236086656936,-33.35431897015192,35.99099319177948,-51.52134646187782,-7.896588609895322,-85.775719746243,20.85506895664718,-21.01660134164995,-67.2950710810009,58.0894559748196,-88.97938423642044,-14.222148932241407,-39.149086072464705,-23.78987209324737,-38.752522739418325,64.13768418918559,-64.757108289618,-20.014734438548118,133.2818404595164,51.463508849153314,-70.05748443006448,-61.74898588572569,-45.66255696839818,38.74698088533325,27.413350767757393,-96.1443105704966,-35.53884857651157,83.27534381542861,-23.123416862108584,33.157333333573135,52.488566244595184,60.81430752692442,38.71289352318494,20.842804113819586,-11.498584212383923
	Fitness: -2.1263138490636122E39
	Number of Iterations: 26
[34mStatistics:[0m
	Average:            -2.5950175420841963E39
numDimensions: 50
decomposeGenerations: 1000
[32mRun #0[0m
	Best Individual: [23.84160326991559,-67.2270250564678,-51.55634918509507,-73.13534177214609,-14.141621667568161,-133.67323389955624,-61.647477677152885,-77.28422796584161,77.23819753426046,36.60202104947568,48.38529574987963,-23.596257389742004,-10.730823022745648,-83.11291200791786,14.125574454566625,-64.02139601328273,-36.30550605141557,-23.684565362217725,-32.72728433588257,-26.37974552099371,7.723709620151595,-10.48723574256945,-164.26747088670436,20.035444899619353,-49.05903466017246,-45.583156667819246,-55.362824383276084,-26.22649590172189,39.2401912953368,23.624353762437572,-105.65715820489541,41.892160897615156,42.7509870758312,51.36831941253254,10.886548349016579,-52.45591806772172,-64.85422935780859,-57.15687085336812,83.60282066986767,13.88885613090636,14.436575848188198,-51.911289264821974,111.58993865026277,58.26287352411769,71.37990191162957,-90.2034633362995,14.359507152158052,155.89575181823835,-73.46611268625766,32.44703427822901
	Fitness: -3.5372551771812094E38
	Number of Iterations: 24
[32mRun #1[0m
	Best Individual: [23.34305383984756,54.59211740120396,20.593275555139854,-8.04333936126893,14.275116793753192,-109.04852223303989,-49.03364371509953,-32.48098011820565,-44.99196482478426,7.725650302467817,145.838520873926,57.60177060955846,-51.753864522477315,61.33988065786607,-27.152329723024113,20.496358126084708,-76.90384919135084,-47.98328452497954,76.51363568894067,-136.44027990594546,45.40141677900925,-48.24676472552357,33.74869913255718,-83.60240293412436,-80.17899893534943,29.54113137238729,63.78474992807467,-27.160434451325433,104.3341104385736,-80.2697491011811,-10.993955626906375,114.17301676864354,23.139481275442478,70.89795691963761,39.31145091082717,-77.14943716330735,154.90546465837912,33.03024328295079,23.586355044895136,45.39205561412016,45.64501020526589,82.81005430278721,35.80137590956733,-52.51789021340929,-186.13358109873172,181.07527104666448,10.83950084510182,-39.182610314186014,-39.06094414771254,-77.67669655868895
	Fitness: -5.631252702194591E39
	Number of Iterations: 26
[32mRun #2[0m
	Best Individual: [-29.206764625761885,76.41077589440927,-26.443984547216296,-82.6654970815557,63.60891014893348,-82.474202505105,47.89152649714712,-105.068095762179,-20.245338234884137,-58.66229742964265,-130.05902600609278,-79.84134043268008,-42.87814883209511,14.309836352522442,-140.39637535409665,-8.048663694093225,10.928247064920747,-42.78746194752719,-20.28282149257178,203.42034448782988,-98.5796190483995,19.95084674869625,-11.042239550286094,42.15089160152522,102.02315852789218,20.07755510616,-45.249545250684534,-51.58630862513124,51.85261926598854,29.981764522284255,-20.860267467326498,-70.85159631460176,-61.59816866496887,67.23201028419952,99.1575177430054,-73.66104135580728,-14.12655345496401,13.839691867547032,139.48081521129714,-45.34860926489797,29.984603319474424,14.622286632926556,32.41316829377314,-51.57903793280468,13.73792426882316,42.75466079577015,-52.11295415643815,51.521843426967905,36.59053303684727,45.66549074530477
	Fitness: -6.2608029109209226E38
	Number of Iterations: 25
[34mStatistics:[0m
	Average:            -2.2036861703349347E39
numDimensions: 50
decomposeGenerations: 1000
[32mRun #0[0m
	Best Individual: [-14.358946263274033,-32.88030977354747,-101.8799807143193,20.462144591642684,29.89214404987908,54.863939989525356,70.60965819567781,39.46955758596927,-117.57667510751543,-20.146457613204426,-90.03535803867774,-16.290632618300755,64.6535288277292,73.64141244965343,35.839619346959026,118.1035022858431,-68.25874096699044,93.24814756498786,48.66870182606591,39.337493317295,-26.154294308144376,-46.0931580109622,-36.22304045856529,64.73397280310266,-148.54955606113037,26.49813863290706,64.53504505111404,55.63454673068787,70.27930235569146,95.92318706798689,-108.43880571194074,57.872687970909446,-51.34081560233085,55.54174977001158,-63.832057601893126,-23.837722033517544,-14.01221421580153,99.20265477972072,-20.40765016791405,45.28631224440174,7.904770805848991,-33.060073133389096,-39.64271125949534,17.073123853353962,82.39922340912665,32.661801681372694,-42.47270807751205,-20.227542562157474,-24.04084743154832,-33.12614013725542
	Fitness: -2.4808861770728048E39
	Number of Iterations: 25
[32mRun #1[0m
	Best Individual: [-65.01696287684592,89.73719447780711,-29.773955931723844,20.631140190160536,70.16316365175788,221.5393448746463,-14.241882842232314,-35.781412440548415,-83.33899055041974,42.56691753921092,17.397163276743946,48.35849440526245,-146.38101802045568,-26.7841463583759,45.9246952597802,-36.25998143610876,64.03873772816925,-33.1380953837253,14.542082209105153,-79.37354360964818,-67.35118744074683,20.821660740999466,61.61228776814579,-57.14712048904085,44.70700459507757,-195.74625697198846,8.156504759864813,-26.892485479894468,-36.46842645453769,63.90748834009038,96.16344810974266,-54.213184083304256,-20.144302778176005,-51.25132393306343,108.99217124540101,-64.91986442385853,-130.64385890143961,14.146932293227698,-146.27079427247418,-44.683660288856515,55.30696490658167,24.158922406880123,64.7078000976353,-102.46564261635181,14.40595951667714,77.39238086093201,38.33355906076756,51.424887328826465,-27.075997898480928,29.682875669748626
	Fitness: -2.2124629465246917E39
	Number of Iterations: 25
[32mRun #2[0m
	Best Individual: [-26.337854129570125,61.94326591468203,-102.06052827854415,-45.44853012560663,-19.933164877639484,-20.836064041956007,33.41955642946192,76.83746058437634,-58.43531904092444,27.390001049984562,70.92214872186554,36.485592483344725,-35.436578536152155,77.36921059131146,121.17712859447153,29.801499807734533,-20.854835507012805,26.265361025797837,-30.28334580846593,76.69239429693448,14.346066021207607,39.69793863025539,137.2469770560754,-54.37873354715519,-104.68026551507279,-29.544214469861778,-146.39411571758495,26.793852621425245,79.77866024799127,-95.42668340850278,45.22233464610665,-60.73955464418768,-61.15157439712293,-70.49139538210503,42.65136700665248,69.99857380068354,54.96547148247878,-73.77612788027292,13.914216007813515,-124.58171717619568,23.680336195102463,-69.89431289880217,80.4351601149499,23.56242598521673,32.6446492102006,8.032958668810556,73.34896042668335,39.8052863003142,101.01492893936138,24.463948987149212
	Fitness: -2.443919875608148E39
	Number of Iterations: 25
[34mStatistics:[0m
	Average:            -2.3790896664018817E39
numDimensions: 50
decomposeGenerations: 800
[32mRun #0[0m
	Best Individual: [-26.467679171296798,23.573316248443135,45.26221986363416,-45.64567134400291,-39.85410976020511,13.579772405479929,42.22641095862144,-38.37449435705078,64.54478069048136,32.23738424169099,-104.49363196909124,-17.544976267444603,67.74080025503966,-24.29853760967395,36.07959861166835,-32.801239283382195,96.36725126108851,23.655195651403965,61.36844592454658,80.21314153404344,105.67976455399403,-39.31844944492183,58.25044925814541,-55.36925762446618,-136.36272076330033,-83.40836787730306,11.14858603916061,120.03849881788786,-42.25908829487278,-35.899015275846494,-80.05761691613407,-114.04984547813686,-14.517341438077127,89.39272228188881,102.28984615834153,-23.02268262843259,96.17183946951302,-54.26565531206961,124.18569155508659,58.44925575091624,-45.560476465570105,-93.28072057358501,26.416750277751383,27.231012931357597,49.28442070091161,-26.30216211293459,82.78188500813835,-48.00635258327405,-82.4164987432012,7.561543921567896
	Fitness: -3.020240126205052E39
	Number of Iterations: 25
[32mRun #1[0m
	Best Individual: [70.82636203908123,84.0044643728153,89.09226197190853,42.2884410534847,23.971225112972064,-14.475640339679199,26.697071902939413,-64.89496945920276,-23.747645478400216,70.4073948141267,36.079634477401854,70.90907695801741,-58.003902404722176,-52.42591589407601,39.777309163782306,51.55362355968385,-58.533296863649014,-164.92367733166358,-64.83627739586862,79.77768280432679,11.294737243836295,55.69730377482888,7.803850406924304,-149.7862787287695,54.46918907551142,-55.18846756451702,57.47459481504692,-23.334073530230516,-132.96118101161662,32.58198616693629,17.251551645179184,-61.34520596002427,-14.279437179381947,-20.360191317293413,32.725804150519664,-128.0909417519315,42.880657384534054,-7.814725777520801,-17.50734712163564,-23.790525012475577,-32.876123770333926,39.2449971244423,-51.27994903886223,-32.58333134149815,61.08515954803731,-111.33971097052722,-42.63897194073574,38.805969082423836,-45.31335692090394,-115.02038592094492
	Fitness: -1.777226014791875E39
	Number of Iterations: 24
[32mRun #2[0m
	Best Individual: [-211.78688359998375,39.521416294253015,42.94887972597444,80.4146599686944,-86.20686453454107,-73.39409028291024,-57.38860211238002,-27.611627823597402,-42.59506488845585,-51.41018753424167,-77.21159798144511,-42.215069124403996,58.007925325015904,-76.55759743963006,-63.71909886236776,39.73913892126584,-83.5781766204564,-20.418088808178695,-54.92610950622313,-13.824200320287535,33.62061860145764,39.59747979992484,4.763827661012168,73.17543089590055,-58.07261190081547,54.80519441524502,-32.9815230080094,20.364907757250233,29.593903450688202,-58.893302901984974,-29.719186550154987,-55.823085388317,139.677138479372,-20.407463434134133,29.742741664588024,-102.48331020792148,23.513124656494206,14.289832946861171,101.32232487535107,71.13462235063844,-67.0679505287359,-33.553803008986854,-4.613967641241469,88.99190505261012,-11.568572398306735,21.28029535211786,-121.13530539624121,-205.64799011612803,127.50207656046565,162.2502087735931
	Fitness: -3.239353290622687E39
	Number of Iterations: 25
[34mStatistics:[0m
	Average:            -2.6789398105398714E39
numDimensions: 50
decomposeGenerations: 800
[32mRun #0[0m
	Best Individual: [95.51636059576933,-14.150467956738227,20.16576854085194,20.51562970976141,-45.236046008333574,-26.34757290418908,33.0475710772557,-51.98011319951781,-23.224749831499306,-35.95895414059628,26.660347016678934,-26.23635672713867,58.76491986976446,33.28549739724504,30.24958852076173,77.2817268540445,-51.66479548561538,38.66130144800567,51.55938729855673,71.3284725820586,42.181111007277075,42.701961883713636,23.65091885087836,38.95766284257651,-73.85131440899906,11.10432729089652,29.063328401755484,20.402416054113736,95.94534099785784,-52.27569697456086,48.87434673979369,186.4025227386225,-32.663203901593356,-26.841440424112612,-48.98348408013626,32.16196674782546,96.0758870361531,-42.756040257094,52.22670022857461,-51.75979145250068,73.76027248466589,-61.824021071681926,14.398537542928738,19.89835635158029,33.451275752985225,-23.989045739204983,-68.3285526733817,-105.42712713784573,70.47769667499016,-86.36511897547084
	Fitness: -6.4601594458991426E38
	Number of Iterations: 25
[32mRun #1[0m
	Best Individual: [-46.28230811807332,19.718669870705355,20.315428280640965,17.177840367257403,51.85800342471585,-20.644257181976595,39.258427920704264,-67.54196967484211,-45.52627575948159,-98.70293210285936,99.46149459745769,83.8375655022409,-67.07367523356206,101.29664161397858,95.82221127993898,42.22224558216725,-76.41482140046122,-73.42600155257327,102.34419010143391,8.215375344674092,4.701204586512609,64.16712582772712,-171.25791426651907,-130.37036659293153,-57.84877874115107,-99.39947022552757,-32.250882504885205,-27.03342221879257,-39.24558029655826,-41.60589532836102,49.13078330082961,39.79427153841025,52.400797756852576,-105.441155151956,51.840817545910525,-64.65149381846527,-39.48746853369562,-165.00832943784678,45.229017928515255,-13.790029425893458,-45.35043000726465,7.0980595301274825,-61.30465383731301,32.88653038005883,-51.82619105302121,98.40403247751703,49.183347336666465,-11.76613139288521,26.519768240290514,-32.68217237650464
	Fitness: -3.274215528729301E39
	Number of Iterations: 25
[32mRun #2[0m
	Best Individual: [-29.413793324492495,-52.61471524454875,39.510388961147996,49.21871594036718,-48.71200844650222,-20.198216033118598,17.700980979380656,89.64296795521656,152.3089338114894,23.06285041527444,-32.37446512258215,-14.092406654179008,-64.4120056411929,120.55159268897253,64.0298069865613,-48.124311256138085,-29.657987202391134,35.899265825892925,64.70356771277089,-162.50946178869603,89.96604543345182,-58.52206305114636,52.25910541797597,95.68096726612191,73.02868613033164,58.176904752857695,-23.552911467585957,-35.72720244401271,-95.54087203478043,96.18295070177341,-121.53713313151609,-10.678840221422732,26.80201824909716,103.02518958820636,-4.216310946408188,17.57998337364685,-93.30381227996673,23.302661455264598,51.62829650593733,195.9098649912489,57.80375090036382,35.57939690850061,-71.37591952110468,-86.32772777391224,-58.300629782540234,14.338821495892288,77.68748616204637,36.59264442808893,-39.89606605614378,105.12793500090436
	Fitness: -7.625288033004314E39
	Number of Iterations: 27
[34mStatistics:[0m
	Average:            -3.848506502107843E39
numDimensions: 50
decomposeGenerations: 800
[32mRun #0[0m
	Best Individual: [16.96697878933773,86.12117580522107,11.587668019036926,-181.12616922924587,-76.35616354771722,-74.3079616682084,-48.465299431619314,-36.19127239356091,41.65739201673446,-36.62097508117279,61.26285739084658,-63.97257996433878,40.12318171275851,20.74533360992861,77.7743003797357,-45.17958984052508,20.633297878150977,-89.17712831219953,26.63370291216839,-36.57400882175058,-26.192303097810452,-54.855425606733625,-55.11429265216468,67.40165484627796,60.77458535031127,-60.998279828170396,145.44234414908573,39.92557755841732,36.198465578317695,51.91872759326482,-43.14264790922861,95.44578610939975,46.45419149584525,82.7392884630257,-61.620000270955316,89.18084550101278,-23.99923032880009,-13.586518979572952,-159.04373155590264,114.4765447104438,117.49154716131054,20.264368548408605,-13.983397736188087,221.08308376810407,16.400770428784874,24.36302170338232,89.80691593112239,-4.972438256268797,-73.79885693593586,45.02107513777092
	Fitness: -2.0090643024985683E39
	Number of Iterations: 25
[32mRun #1[0m
	Best Individual: [-89.35231214546215,32.81262707469476,108.33782225287672,-29.751923211337655,-69.95579038296236,30.087329153596336,-7.878634504712043,76.4765702476373,-10.871021146821766,-51.54579536105568,-92.92753707645996,-48.18162120210994,64.05919524026838,33.00527486685598,89.60614092082518,73.72044525256787,45.592618336408265,58.016533718863194,-45.60231489391934,42.738149934115626,36.72301943415743,52.25438514567628,29.3939054165668,-63.920898942414304,237.1662392932858,-20.179877321807307,39.435788051092956,-101.85954819951996,-44.6752325618517,-26.381762190129272,39.6434949261722,-26.243403702760894,-35.909002508576336,-26.10383752643277,-86.39792271516323,-55.405660099304754,40.180185475095286,-41.99249234537869,26.50527443266744,-61.969683565222155,30.278794027925954,64.8918498536705,-17.58225772126592,-20.763922631834504,8.049927436029588,-33.69346234465473,70.35735487044697,-17.201194107144673,35.96164213076389,-44.770688763531496
	Fitness: -3.915333114497531E38
	Number of Iterations: 25
[32mRun #2[0m
	Best Individual: [24.133830843429443,51.19756720369942,49.35893150161279,196.65277431940711,-76.61699706109927,-67.84075573326433,4.480497996821187,-146.53360800425094,57.55888641827306,29.648051214578473,17.875917141815012,68.23217148032995,51.76542605379608,-73.5833195957457,-55.38792070162411,16.983483739990568,11.398604965598972,42.01137790701266,48.80491720134392,45.3865968198366,64.436631409147,111.81441579470095,58.511161635167156,27.054053424276912,45.14741793849794,45.960805288035274,-60.75370833391218,-14.59914708137499,-29.79599558135196,-61.032446714552236,-41.59152731004548,74.38933869923798,-33.003344387015304,114.55535254289504,52.17253687227003,61.25945690288977,-123.55005304383315,-48.59461459597253,-57.71424773616821,61.29822242010374,14.121802003606309,-47.932671683436965,-14.21269513954142,-23.485448248955297,39.340680043871195,32.944078668308464,4.484370174333169,-29.940609950039544,-20.119287608417853,-84.02576035974438
	Fitness: -4.099509549229726E38
	Number of Iterations: 23
[34mStatistics:[0m
	Average:            -9.368495229570979E38
numDimensions: 50
decomposeGenerations: 1200
[32mRun #0[0m
	Best Individual: [121.18391185604872,-17.090684395791257,108.29975203125753,-45.2268453868635,-11.266133367709322,-70.12017379766115,-26.62019035649295,-32.95135172701521,32.87523854628832,99.81606248189365,23.285282297648514,-52.33292801444964,27.156007967363294,-58.929905323999165,17.21322214723746,-32.39616462138753,142.39407848263153,-45.58969373287396,82.81841624592658,10.734734120939706,42.75216712117937,-36.06986338546596,-17.187294777511248,27.29498013853684,-186.52635479565726,45.61001892975804,35.791107942220066,-71.42146722183656,76.75238889597054,64.89191031266523,39.1840368204939,-41.6858131827619,64.6825800919812,83.18815609935795,23.720065917638337,102.58080777033881,89.07229800423198,-50.905145862845515,74.36161413630902,-51.71209524751055,-68.31695188910491,24.106188208420786,-51.81906465489558,20.399307597613657,18.09504671302142,73.70383189760504,32.51097566719411,-14.328866463561472,33.385498714941,58.95003876784236
	Fitness: -4.087281793287565E38
	Number of Iterations: 24
[32mRun #1[0m
	Best Individual: [26.516953277313906,10.717494530000316,-38.78330198595296,-83.12197925272338,-39.03437246086128,-13.38450534755098,-45.180005696604326,146.3740053340427,-26.030773923830694,-73.18919604642753,96.44541118790113,83.60413889446035,52.309301939875326,58.000353802771976,11.38165496484669,-39.56695454473049,20.13237485750323,102.70038427091373,98.60379983192051,101.49919036202024,-38.735517090861364,8.189887932780568,-27.131566091751502,20.26188181652354,7.836194445979251,33.104738182714,76.40285401865589,51.07818201682685,-26.800185592151088,84.02908734039245,68.06609904370991,73.87806287132841,20.295428620917804,17.482549828403105,73.36843148479508,-83.45326911738749,-42.04310973557698,33.03887966449307,-13.689909225462854,-71.41425222182556,58.72234825507916,-39.123413442940084,112.18582408028807,14.410451556268512,42.39743840608108,-83.61005019605275,73.98094452597016,-83.2544332749384,-30.27882808798273,-120.54141066299647
	Fitness: -4.0991523791850925E38
	Number of Iterations: 25
[32mRun #2[0m
	Best Individual: [38.33545248678249,-95.32381689888787,20.71891417038577,-67.62736839083972,41.697333602790074,-85.73162415175017,39.18337956254348,-89.96587135394932,45.070467035159396,17.60959421131026,-42.89496354034909,39.59347044710661,76.78499177736809,23.877179600417637,-88.74696779806473,82.88154219553157,-17.81431104005709,-64.31451453372178,205.45527668253203,-57.7297437295288,23.32611305304696,86.92353441982299,51.89981256632301,39.439930745643565,-11.18177370988943,61.36300103972387,77.04578441455848,51.42456245866211,-42.02656722617811,20.068706154349123,67.51855877493048,114.23438987923477,26.972803385783717,51.35556815303698,30.18361672371958,51.54954233206682,-25.969957751793167,61.29277914809257,-108.80868511003953,33.59719643657968,-23.637902558087305,79.89372045357564,58.131948408937454,102.33155210347292,-18.070152249009954,52.06062651118815,58.66104415083782,-7.930262788974316,86.3104104360414,48.943683940626414
	Fitness: -6.449065884007792E39
	Number of Iterations: 26
[34mStatistics:[0m
	Average:            -2.4225697670850192E39
numDimensions: 50
decomposeGenerations: 1200
[32mRun #0[0m
	Best Individual: [-73.89068781633182,83.22436916260109,-29.984779943228148,45.19366452924028,-64.8193770673593,14.962030657612809,48.108384018662676,-22.637703959716397,-140.03212284781904,-39.32758182164079,17.46964450902885,101.7557901520977,20.583240902266425,77.3949932896044,-83.34311237712737,38.70053328161452,-46.19692501901666,-95.71555520930644,120.97360267073158,-38.92015781064002,39.43124601081991,-45.80776075073244,-23.966346885121364,89.94578573506473,-20.509429298394103,203.28312744645856,64.55891595269671,-77.0434649468275,-5.009481392656678,-7.784663051958526,30.2822011236792,-26.436757104666082,126.81306995363856,-117.89356975954335,-54.43118843488747,115.4966937106478,17.691175461654936,19.977570214015856,79.64452882487527,4.268895515560925,-96.06772091223259,136.55713169670503,20.282082381323296,-39.6740055661965,33.34874769538351,-60.83913816659583,-70.15343533373768,74.07564319884798,-36.126172760029895,51.08430544480929
	Fitness: -2.8388168282722023E39
	Number of Iterations: 26
[32mRun #1[0m
	Best Individual: [-17.617521842324134,8.015721799494235,-17.379039495912178,-58.0577165894186,-55.04718525676252,44.67861334234983,55.461041726487636,-39.26576736102665,-45.23297636762031,14.228068480959578,114.97695086225642,44.97088627653389,-13.650272560039026,-20.31778852729428,32.68398497970362,48.80101130182732,-70.69316189176718,70.64387488083662,-52.13744285385245,-158.4820145948076,-42.183753766015386,33.20261050980741,174.5722458430541,-120.41919804077013,-42.629040837109656,30.081984541268895,-79.87160346668938,-14.72091851146265,-42.40425012109398,-30.220820880965654,-5.07803830575604,-42.11824965592671,-39.29117109807987,-64.13568634820435,67.02478009471639,-45.270535944374274,-70.39284165065642,39.291457780288155,-64.81421045410966,23.227911718490944,-89.28068931720311,-92.28851406424639,-7.4022290804124555,20.022791157822244,77.48038380653087,-30.098186429820124,-136.50046786620524,-20.552960578904894,32.90539755883485,-139.48430194614645
	Fitness: -1.5766090625426507E39
	Number of Iterations: 25
[32mRun #2[0m
	Best Individual: [-33.50619930794734,-152.72127123315812,39.46374509125576,-17.680726278963245,-13.739836143064418,-52.20324114974129,-124.1566008791355,51.8783302229075,-26.257967880233824,13.322644220512402,33.48239912630171,99.60907793235816,32.98670809874569,-89.11603023370844,55.51495028604999,45.71351421579646,-48.69416768541219,-54.96938137216057,114.7345528563311,-64.99914379631728,14.3535652484574,39.685788281305385,61.48988901551462,117.62147715075389,-73.61093971739332,14.447967048818592,77.08081085697697,-36.806385627945346,64.24087672805754,42.192960580311976,39.04854001699307,-36.007549200979,-52.33333293294449,77.08181992015383,-32.94621370397076,85.61369316907037,-7.971050172969029,20.501334751487036,-25.94205997932209,-42.92661183057682,42.509290245832425,-76.57164442863724,36.239681467627555,-20.371671851743486,66.96756975087094,-57.14386468234107,45.83112704230928,42.070962706684526,39.458635826310854,11.382556699169664
	Fitness: -6.493814972156713E38
	Number of Iterations: 25
[34mStatistics:[0m
	Average:            -1.688269129343508E39
numDimensions: 50
decomposeGenerations: 1200
[32mRun #0[0m
	Best Individual: [39.31157845108932,-52.660623168112984,133.4555890745851,-146.7418322793919,-36.14682801250227,-35.340007359947066,117.6776207473368,-35.57980042543864,36.08227717427979,30.2456634793846,-20.45187747417802,29.28658287816826,92.77208710933618,-38.86576999469737,-45.75568239287195,38.848847504493904,33.48618001608958,-13.464688748498325,41.92422429585433,52.1104956231218,8.386764480548392,80.26225268497907,-92.39017565019356,45.647254639222936,-13.723415511020931,-26.761702256432052,13.778400984086172,57.769721303992654,10.865254435051474,-13.73134547447151,39.62427005638323,-76.48447443864602,42.11540690456063,-58.98558858435511,-63.92079372910395,96.38074204799608,45.24107744340027,58.90842592245089,-38.79845314676905,45.737362683843195,48.41592385515706,-57.76737644327568,51.542999202193954,-27.197922024243134,67.41396945821415,50.96820132267608,-64.4741542840504,52.07314402574433,45.65905728501015,77.37494817925474
	Fitness: -4.319510658886064E38
	Number of Iterations: 26
[32mRun #1[0m
	Best Individual: [83.30191092885805,-20.34054075029959,36.564200780886765,-39.864762070709176,-71.09323901532585,139.35328555196838,-26.69117528817108,123.99704807841097,-115.54730985116598,-27.288353787103382,63.757891753554304,-101.91379074443326,92.28981505274734,32.990234562320246,-61.371758053984394,-124.51149645270667,58.4334142453303,-26.650962730590102,-39.45387092017855,-54.80522300609665,57.842055819545266,132.75646044872002,36.41701373060737,-57.61235684718819,38.86137354019985,-26.77194631499259,7.8298505851198925,-89.30780604984872,39.165165296360655,16.58904782542347,30.34137583999035,27.278091363794953,148.77404202805485,-43.13694522762539,38.81635373799071,44.98820748439256,-58.59896780823591,-36.88426394763984,16.965164022774832,-51.16224449381164,-64.19386841439433,-39.06737050469123,32.95068730289319,-14.078806537529687,-20.246984488698203,-45.37530708935639,51.85047255709365,-36.121369191086224,26.361111223694746,-35.358557317851165
	Fitness: -1.615029138640604E39
	Number of Iterations: 25
[32mRun #2[0m
	Best Individual: [-23.664210064443864,-77.7529880240345,-26.608165737383974,30.35973440161346,-96.40925001338908,76.90498421262916,-61.24386321316918,83.68224020420925,-39.78123687320746,-33.146153415107605,35.70889972130206,111.18453000853692,-39.369259015243514,-113.85852213453941,64.54486642341445,36.04006722820155,60.73628416390201,-54.855146317500996,23.60648368224678,-39.82939092361374,73.23550108761468,-63.85018646465715,-168.42298029461404,49.15845885398387,42.686601765190474,38.665352585689966,-16.93767322535254,-41.96680234697052,14.008708033362682,48.51314981674078,-20.21616376093683,23.624418135700317,-58.590849542232846,-42.33295474668,86.51144394178843,-127.61449047836504,-20.569487939387287,-67.62930824960918,45.588030897757385,29.326815401161745,-20.93935624153559,36.77318523599723,-19.994282999966174,-39.80838904618509,51.83930913512728,-57.6422041644357,19.89375695642424,-20.428339455845038,32.83286312670135,35.75439400269462
	Fitness: -1.3668499807556374E39
	Number of Iterations: 25
[34mStatistics:[0m
	Average:            -1.1379433950949493E39
[33mEND HERE[0m
[33mSTART HERE[0m
Function: Salomon [-100.0,100.0]
numDimensions: 50
decomposeGenerations: 1000
[32mRun #0[0m
	Best Individual: [-0.17908579134993494,-0.27166336961488835,-0.606770573764716,-0.37211586013297504,0.13136733677636925,-0.15758771535031016,0.1714723895919103,-0.19439254444469392,-0.09157425651921328,0.3413276177394038,0.334501358303045,0.19583132359758154,-0.35689014197554586,-0.008469736665786293,0.1839126741588354,0.2593018252941564,-0.005715762015363793,-0.37305014392309965,0.335437827363821,0.15967166866666707,0.588429337555337,0.24414356389763825,0.05616568744299799,-0.14898893868207463,-0.32408636509470906,-0.017477505591019238,-0.18767018480591974,-0.1103864757310564,0.6962645127864941,-0.15865492679616366,-0.41381462585289885,-0.2361695546974143,-0.35174797811344505,0.4660115589342463,-0.141861567960949,0.06964394557526127,0.24933290347873865,0.029345985171224304,-0.2708457726997942,0.09165480185015269,-0.222083521544432,0.16415949217140924,0.066023325907906,0.3416699095940386,0.4144504348716572,0.2079346816823492,-0.38569720332487584,0.004415765930935733,-0.25447827521078514,0.19820190380285233
	Fitness: 0.1999921407355849
	Number of Iterations: 5000
[32mRun #1[0m
	Best Individual: [0.17257200914334375,0.13208628675875078,-0.07958059302473164,0.6517570626303111,0.1649948326511372,-0.13277886495480073,-0.2717463336618501,0.26660056936412946,-0.28047398792855194,0.3629879987310637,0.016948917950939474,0.3223018563783283,-0.12800392612762626,-0.16788227615762136,0.3687964952349164,-0.12505235089870292,-0.021200211479222124,-0.6109846299527935,-0.34528554662557187,-0.16956091452234306,0.27121014611879923,-0.275290578847961,-0.5824109181765158,-0.4604859435705801,-0.5905861106165513,-0.03226844390880734,0.1880262701022199,0.026514780820686812,0.07344096095631791,-0.3812237536223458,0.38468819237688895,0.3731496474197833,0.2501719488782087,0.06973750289113792,0.12179397717395023,-0.1683092430787181,0.22599024518581007,-0.413491094649671,-0.22206842192222337,-0.06677812097887392,-0.06402606878461185,0.5212206905805821,0.011432512755080698,0.07597415862669543,0.024288595528792034,0.013415682132541393,-0.08407271686744741,0.1714650587583595,-0.020401261941627113,-0.26157143569212776
	Fitness: 0.19999227732777836
	Number of Iterations: 5000
[32mRun #2[0m
	Best Individual: [-0.12725477717752998,0.10197197231309771,0.10724644380620668,-0.08406377585334168,-0.16549908513675676,0.16849015854161498,-0.19956402921389466,0.004395174982020633,-0.6468904666536609,-0.3326412905591389,-0.1590346239108859,0.02243328308695336,-0.011357470112522361,0.6608369542791137,0.3020746920370337,-0.07728594321402954,0.44209577208530554,-0.27814351791681335,0.030329217671468303,0.22236168597152628,0.13875557576744335,-0.12389482114490108,-0.30044677954583243,0.20238273084589614,-0.31933606076736165,0.123883807191637,-0.3909183590414733,-0.11779505112789015,0.11904574141710036,0.040380583011332016,-0.24462888385875498,-0.20606742890999874,0.19019438469872219,0.5135935119250876,-0.1641329856087555,0.5428716065732092,-0.06695485243731006,-0.18791243320720882,0.6769170497071282,0.3850494931265882,-0.18006518658512985,0.520253007123689,-0.11235553891914588,0.02753419898299525,-0.07794411078641819,0.18848215444162958,0.4414381551351938,0.043558574571108816,0.055425902556430234,-0.22951051195329686
	Fitness: 0.19999209468967116
	Number of Iterations: 5000
[34mStatistics:[0m
	Average:            0.19999217091767815
numDimensions: 50
decomposeGenerations: 1000
[32mRun #0[0m
	Best Individual: [0.03595397428167316,-0.1828483445373845,-0.2601589791576751,-0.048733588966577424,-0.20310996580146232,-0.14461734383158628,-0.10039128483288834,-0.28721805896816754,0.25748464836479124,-0.3169941099975874,0.5235414588017495,-0.11547758652635517,-0.15282902692456934,-0.43987062224083356,-0.5921474552072917,-0.1372741166844303,-0.039555191697483505,0.15547493891412376,0.024056606499710198,0.12459373118048604,-0.11764298819841412,-0.614183302096531,-0.12511151341921992,0.5483772686573039,-0.1192207491945205,0.3103607699736258,-0.17471174759102293,0.09649739298295801,0.2068341665382488,0.5035455398469895,-0.2561416136503775,-0.06568432395654794,-0.30629174747072796,-0.011091321592569092,0.165462852964114,-0.058310885516561106,0.3862332925431549,-0.44561976869491376,0.0027902999438328413,-0.05384779548931143,0.037020661714807335,-0.5115230652809624,0.2331850535316191,-0.5276440198209791,0.2942677028039805,-0.09651948304949243,0.009224973567293848,0.29501487706336404,-0.4127961895741332,-0.0932642312461161
	Fitness: 0.19999222049247134
	Number of Iterations: 5000
[32mRun #1[0m
	Best Individual: [-0.18384286907744646,-0.1965675311302689,0.2761169302693568,-0.3964617721891956,0.15977574534650751,-0.10990695117959581,-0.040697114321413465,0.3968549983551094,0.09325840141948472,-0.25428407808315134,0.48509702131039256,0.2357916645282185,0.1630490572790314,0.15547123814500236,0.38173869608307526,0.13054703655902627,0.2140157378671808,-0.26207941924840095,-0.35879734798141477,-0.27878468142645974,-0.01828855703092358,0.39806390926872026,-0.10211966185630367,0.26336294106311414,0.3906581852916672,-0.543353030864794,-0.20364067053478302,-0.30952528262045587,0.03697878514068517,-0.3538335696677968,0.5936698162148928,0.15986709313819403,0.19374739933387453,0.052634224104663535,-0.5205402598081084,-0.0728462015773832,-0.0013866301384598129,0.3889738196828098,-0.1757839233377948,-0.09014610026821555,-0.09732853886218915,0.42410450769290414,0.27191355765713215,0.3480884309806571,-0.059201438194810836,0.03832171831456499,0.2556527573250067,-0.018182321623945008,-0.06608434828204521,-0.5506483213934134
	Fitness: 0.19999253520223226
	Number of Iterations: 5000
[32mRun #2[0m
	Best Individual: [0.293854591564224,-0.07702533275243478,-0.2317198293066396,0.22733598345964814,-0.02372927943140546,0.21612047308097032,0.3410189552736679,0.2994489180181221,0.6259731356104483,0.07873680604271271,0.2926625312691651,0.18150480975700972,-0.41408916000970186,-0.5024543799427226,-0.06691248410688175,0.009642199394690881,0.3543294319035123,0.03936944506436267,-0.017789091250161454,0.26921435850845665,0.4887748676016906,-0.43557050188932633,0.13046771402585966,0.30500193878267184,0.30287402946012637,-0.2118721430644947,0.0402782119432723,0.20057064783061285,-0.3400099726446968,-0.08152824004303261,-0.2602392511302149,0.19785575971076247,0.1290896338150498,0.13681974479200218,-0.01544368352024758,0.00959894384100593,0.2322316379097295,0.019122134471638852,-0.3118013780104508,-0.5021057247148147,0.4649427414774493,-0.25421711812245185,-0.17540054967545582,0.016685898144767793,0.21504589638110783,0.0896862455269134,0.46061207274440225,-0.26764328262486603,-0.40934450013621904,-0.4476238859242547
	Fitness: 0.1999920955060701
	Number of Iterations: 5000
[34mStatistics:[0m
	Average:            0.19999228373359124
numDimensions: 50
decomposeGenerations: 1000
[32mRun #0[0m
	Best Individual: [0.11386580291998366,0.007385314673457405,0.1887825720720252,-0.021116441265965097,0.3878545239910158,0.555276138501406,-0.43565545198216105,0.07927231020011846,0.13115519490450323,0.3548576849085944,0.3711205517826505,-0.2108954715430278,-0.2033250780630196,0.37552950755352854,0.3136045050207922,-0.027663423748395644,-0.049643088477475866,0.0402911624647755,-0.16399601291708732,-0.18281002428443832,0.048912470472577796,-0.28472182499725196,0.5979148650956789,-0.013939041120866857,0.07572104400423747,0.6068603454162161,0.05176856669354679,-0.25893403082025535,-0.2995513670830099,-0.3769000511162034,-0.2432546178926898,0.31634058242118784,-0.2995466341028752,0.08157533904826597,-0.24026283230030254,-0.5950834219255186,0.06401014754488014,0.10365955435698843,0.45644077202728267,0.1653136617548303,-0.33899624922737015,-0.260156382542676,0.1852984656129317,-0.1507740985636981,0.03517702443233986,-0.17531526692904303,-0.007209296038483665,0.4598616626358394,0.18300943579613346,0.2703682916469709
	Fitness: 0.19999300609438053
	Number of Iterations: 5000
[32mRun #1[0m
	Best Individual: [-0.053147543702321665,0.40524256428517913,0.10633333638241592,-0.2477515117506055,-0.28081356863646295,0.19647778871069443,0.2015193901529847,-0.1073232710877779,0.016073892127558942,0.1011762386383784,0.18439399644857235,0.13389101585993396,0.19968273059187264,-0.12650568901021197,0.3801995901828342,0.08285422632534167,-0.30457851951676684,-0.09653008523617956,-0.453312595517559,-0.3374800945044692,-0.21871917150425368,-0.17835674072895952,0.05682379944084166,-0.22170319881232925,-0.16085070272237084,0.03364339224470715,0.5001676571234975,-0.23863234223675966,-0.011653306232042637,-0.5018838929100298,-0.7284256343209168,0.0776998612908679,-0.1214640831292825,-0.05075119759734953,-0.16692495993326162,0.30115753428293285,-0.2649629030466514,0.1431370050908456,-0.009310842033603883,-0.2772243010850187,0.22001984155362786,-0.22567869902571977,-0.4784808250274547,0.16005918026407995,0.23802422062046968,-0.2030321416771167,-0.5024745629922105,0.45523948126703523,-0.37790010933435425,-0.534951429695742
	Fitness: 0.1999921100486115
	Number of Iterations: 5000
[32mRun #2[0m
	Best Individual: [0.12360841569409184,-0.021133011166947352,-0.08432256093818039,-0.43471309893347326,-0.3893777991656257,-0.364569387332861,-0.07904787027306875,0.12285106960214003,0.35586094634555454,-0.2289575584020831,0.1390592415303005,0.27151433019493626,-0.3794485242775886,-0.07282747654231361,0.4739692184216981,0.15911817769878803,-0.12527183346209048,-0.511749831175204,-0.23343778145825247,-0.2682654023407667,0.12008436784066245,-0.31975647429832776,-0.4723395368885974,0.34068159459411745,-0.12886548476657572,-0.03991382385712833,-0.10170813247294089,-0.1763774797356668,-0.07566986889483573,-0.34356856955281845,-0.24895332132490255,-0.4522294703134405,0.5842850517956721,-0.11058400395674012,0.21708541171415568,0.28058526382630783,0.39815820574198957,0.05645455606193048,0.04033140162892809,0.2618499631276211,-0.051660249426344895,0.31109816856994643,-0.11997851655210792,0.020050575930659315,0.2095835306179164,-0.466994361109128,-0.3361764085739158,0.34734912016761454,-0.42325636500227615,-0.013318307614500091
	Fitness: 0.1999922305107239
	Number of Iterations: 5000
[34mStatistics:[0m
	Average:            0.199992448884572
numDimensions: 50
decomposeGenerations: 800
[32mRun #0[0m
	Best Individual: [0.0469524802110135,-0.12349385957774808,-0.10551915644426224,0.4460683129244768,-0.06222772273618171,-0.155872462230852,0.27323562242612215,0.20541058632566872,0.5478362991144824,-0.38210173539848524,2.516577776321416E-4,-0.05530830342771423,-0.0764771391885509,0.004404433385728157,0.4716395211485582,0.20459508736480803,0.03349094020014623,0.130688309822483,-0.14253909126197256,-0.05492391790588841,-0.2623446369018277,0.47709979804563807,0.14003110484251513,0.05274743782856353,-0.0941117077281041,-0.4113873485049494,-0.01088757272738139,0.2597715915199614,-0.10590820569723092,-0.06634511209491123,-0.19759366393477074,-0.218734742460535,0.031278600448575396,-0.4156525430173413,-0.21967753708464427,0.0738170970839257,-0.0762261252952218,-0.24723239345201853,-0.5948402446043559,-0.07318457086791375,-0.1333785564321655,0.2860742188797281,-0.21787948035924004,-0.07416206328572512,0.0036105524084151797,-0.05232733726793015,0.16761155521505278,-0.4602014727828578,0.3301962829586561,0.20460634339510422
	Fitness: 0.1732124489951984
	Number of Iterations: 5000
[32mRun #1[0m
	Best Individual: [0.2028516322776795,0.2283578294280264,0.22087704413740178,0.0010002271411716501,0.20001319162922981,-0.26697519891562776,-0.10983954954401318,-0.053038951286515895,-0.01810702963673838,0.7876370316160226,0.6032195109708937,-0.05061035136724035,-0.5760101644210597,0.08260506259724992,-0.28698253089911185,0.2487957126241323,-0.3711864417953256,0.1093175585032786,0.12601841594785335,0.33689969225976935,-0.25621817603598795,-0.10468281978071886,-0.10307970508313369,-0.0242896241711774,0.24993931091499563,-0.09308875817127771,0.5554277722400798,-0.033633056328729594,0.03510387042461219,-0.13488294173325147,-0.07622468667523408,0.4115075165135116,0.192104027165737,0.4672949074869406,0.15484816544643826,0.04744522287091746,-0.301743746003057,0.25262368215619235,-0.24228359708654698,-0.12618346692818988,-0.12299179936916492,-0.24980005249483134,-0.16671102971617488,-0.33543760842059955,-0.24492968981443647,-0.01727020561885584,-0.5992367588494358,-0.24587298135030305,-0.31942685924171793,0.09004767412353579
	Fitness: 0.199992130970023
	Number of Iterations: 5000
[32mRun #2[0m
	Best Individual: [0.08333341545752945,0.34424930767558976,0.16118177042956466,-0.26898993085497114,0.1047892782387132,-0.025869005000028575,0.22030763022597033,0.14921395472679705,-0.01948283597743916,-0.28405333370432284,-0.3613359103213957,-0.11072391053152053,0.6194990116699064,0.32774300288719893,-0.3403618142425072,0.11397701664104337,0.08305615333733622,0.06660293556002805,0.21343253742138615,-0.05545979085742801,0.2007501623104633,-0.22690320889582594,-0.40563495840029407,0.3063527524190118,0.28024482809854667,-0.043261477395101264,-0.28007522852402733,-0.17431139148495362,-0.03651376240975146,-0.07502847456819553,-2.6931233775784325E-4,-0.5496310389081035,0.20914660310902367,-0.34836448378047635,-0.23970529260857093,0.08839834844045448,-0.09486193316975428,0.07896539443457512,0.2302173194998984,0.19429430859469754,0.34380796836109284,0.30479960236210035,0.30544064134237403,-0.033959800078631024,-0.21866965315969,0.20056295977024596,-0.30404827029622666,0.2920525326802882,0.1672874382902692,-0.01053188522740367
	Fitness: 0.1736659915400085
	Number of Iterations: 5000
[34mStatistics:[0m
	Average:            0.1822901905017433
numDimensions: 50
decomposeGenerations: 800
[32mRun #0[0m
	Best Individual: [-0.3421390361288582,-0.1477135150265733,-0.1497456545783114,-0.07981679413189073,0.14897193638710698,-0.29415301887241085,-0.0631397769591131,-0.10300418016701424,-0.3994340644772347,0.37291250235202444,-0.38092336066655685,0.37417793046746045,0.24321769359439713,-0.17563469248465557,-0.05071104549786917,0.2309001186358903,0.17306899911509052,0.003864872189574653,0.21700921570378648,-0.31212425579458464,0.1426776636101785,-0.1033855723096052,0.20080554670862039,0.1910905235114012,-0.2191265581354964,-0.2066231732332932,0.3041206518810715,-0.39801804385759143,-0.11205457497244875,0.4201670703706101,-0.3245685218528532,0.18770377894773096,-0.0433111587581948,-0.02140602082622811,0.032781552385788615,-0.47378743261196243,-0.09032333814906157,-0.20042136290937965,-0.1512625166743827,-0.11178333162461468,0.09813872141412303,0.09543876242514043,0.127129198696392,-0.8635637877082926,-0.06483589811222425,0.17258391607718487,0.25625318488424265,0.7315528605526611,0.5420908146217043,-0.06166212113262838
	Fitness: 0.19999508754471174
	Number of Iterations: 5000
[32mRun #1[0m
	Best Individual: [0.10035105891788468,0.4799263299110498,-0.2360310155925608,0.12610578898892144,-0.01463574143435764,-0.5903480390094402,-0.08896706480799105,0.12159239560869486,-0.08991462063840941,0.06663866957748482,-0.20615716174907456,0.28196023411464866,0.25022284405535533,0.35964871601666365,0.2302724136210561,-0.3474738406984906,-0.1785664628655927,-0.37623900227709933,0.41460858182832966,-0.12678236990575598,-0.13628993170422465,-0.44409334433207426,0.023045894288177687,0.4573473255306815,-0.1260142959558191,0.014254469785787482,0.30862461871616087,-0.09379510894736848,-0.3023165027057827,-0.08463335997312382,-0.15291714588239347,0.23408331416265188,0.327478611674948,-0.3256391980597634,0.08499465308849721,-0.0607142507757063,-0.07653555259640707,-0.5452788944619451,-0.0913519179508629,0.12821398271419032,-0.5399063461689001,0.3633380879256295,-0.01897712557354564,-0.40898847726679954,-0.11198258237743995,-0.2594069650656452,-0.030634413162250962,-0.15227842909391848,-0.6761385270037876,-0.1656849071091647
	Fitness: 0.19999209332216628
	Number of Iterations: 5000
[32mRun #2[0m
	Best Individual: [-0.15226041663130363,-0.24721125462854177,-0.06911516690172143,0.11848600954412625,-0.04321878341035623,0.27969185307904804,-0.30122975100097427,0.13679736467021122,-0.21924289879200745,0.3333083992262923,0.016710672609895283,-0.2516634487294632,0.21825590340448375,-0.2497319331081261,0.6017778914827014,0.5107876517707152,0.5096907104359033,-0.28327115271019404,0.43139434860823866,0.038271134592642864,-0.13717477640895087,0.16483454526467212,0.09039154806519778,0.0036832968335228644,-0.047712001692852724,0.519047042948767,-0.30703657873718443,-0.3037961161021107,0.0582477000052605,-0.4497852246163605,0.0739217389341002,0.5599160739029345,0.4122614660734021,0.010796368012782331,-0.22886666617229232,0.17855737602914673,-0.15314784222507416,-0.171261853765596,-0.0056420702263454275,0.034365375010437405,0.18407939637211912,0.05394204897298532,0.43147718885980996,0.2702278852726317,-0.019577485393103666,-0.2559472159200137,-0.1996435399535944,0.12957105317024284,-0.5460548635482722,-0.41766227697631864
	Fitness: 0.20347110663222623
	Number of Iterations: 5000
[34mStatistics:[0m
	Average:            0.2011527624997014
numDimensions: 50
decomposeGenerations: 800
[32mRun #0[0m
	Best Individual: [-0.3224423647323957,-0.25826402355036243,-0.24109357959238772,0.25600388204129454,-0.45957714402348815,0.2678981541698846,0.2605830679737193,0.47101082382372883,-0.25562009620723813,0.2445934235284483,0.09233449676050409,0.7770623920037688,0.37967638901968537,0.3512996815670132,-0.10850253187992703,-0.41253306304208615,-0.2124597585091747,-0.21819302805769542,-0.33978665796512264,0.11564496627700288,-0.26166627060036013,-0.016865083007832793,-0.049720166398859234,-0.31327662369735343,0.09813548595000049,0.0156338636797696,-0.07028213524018068,0.4394420578435524,0.33161548204674896,-0.20492153441963162,-0.22013142641785322,-0.12711343002330205,-0.016847412650572824,-0.4484429131592735,-0.15180194725371715,-0.3213048611717477,-0.02049651655930146,0.5845522981149596,0.3174928888664343,-0.05766731471708955,0.2831840309299971,0.0842862685910224,0.04741211489611866,-0.12058377645560289,-0.0012939229750653647,-0.15958822308624984,-0.16764703341306983,-0.2117517578889536,0.36539210162644087,-0.14092061182510432
	Fitness: 0.19999209805768237
	Number of Iterations: 5000
[32mRun #1[0m
	Best Individual: [-0.48857785970547946,0.3020109723043355,-0.22242780016162028,0.26417759945328784,-0.4368629277810041,-0.8446539937878808,-0.13036659718536175,-0.11506908006407746,0.23643813766717708,-0.19019315190791705,0.20337312850451877,0.059397459538055086,0.012195890199993648,0.25788896967815317,0.3370638740526994,0.11085221043607008,0.4577469002792723,0.002199060876483361,0.025171417453885292,-0.26172456318543563,0.38399838273875225,-0.28034444370583717,0.18838592929115666,-0.16835818929376972,0.02121053723486907,-0.4787039330800439,-0.03664270065338743,0.04831173538861125,-0.056725325429217044,0.12597164674463915,-0.09200212949169573,-0.44056998209391274,0.16093096152768616,0.3828043231060465,0.1385987513653797,0.5337197514625823,0.13522873215162307,0.07370125355784873,-0.06623711459949477,0.2159498399967384,0.06533753986434121,-0.3297143329644604,0.13015726234035888,0.20796447961490322,0.3832496033640816,-0.32761036801335164,0.21075141995779328,-0.2993903540642854,-0.0751195094661346,-0.3798225352627823
	Fitness: 0.1999921673875047
	Number of Iterations: 5000
[32mRun #2[0m
	Best Individual: [-0.0918661493355373,0.10950568400421623,-0.16068031049901227,0.15521663430510146,0.36195797256481643,0.1509929589977566,-0.3466009530162347,-0.10942537757119108,-0.02382371332743366,0.24233657126305913,-0.2584239474197095,-0.017642965401403976,-0.2295579856294119,-0.6908715570593185,0.10451345281783164,-0.4232082395608467,-0.16483682384704557,-0.40734669605890855,0.36414443626601917,-0.09061074954405052,-0.15691623947551267,0.34045061749691663,0.023790000755785523,-0.22157480322506973,-0.2973345352520834,-0.0784458056490569,-0.3176966065552085,0.1833060054242639,-0.3067661833183427,0.35825491346352756,-0.5981758039201794,-0.31611389119314576,-0.0872978544846211,0.36715815388963957,-0.08715389299734122,0.03138913470009835,0.341226112524307,-0.3770998894238093,0.006643015455195966,-0.593802710946852,-0.15027212458153633,0.385737012463101,-0.29561918855856334,-0.19698632096783036,-0.22544246433902115,-0.057877751064533356,0.05209644962489479,0.27983384935176603,-0.28835886796510846,-0.291791549035641
	Fitness: 0.19999213966021667
	Number of Iterations: 5000
[34mStatistics:[0m
	Average:            0.19999213503513458
numDimensions: 50
decomposeGenerations: 1200
[32mRun #0[0m
	Best Individual: [0.24764305095733952,0.17714904571888096,0.37476162686584397,0.5311991499060004,-0.5367001642447881,0.3717264503318177,-0.2080112018607635,-0.25058249621216144,-0.01929009644287713,0.3318853336739715,-0.08890463320944542,-0.06567830268351957,0.042159481594781334,0.118137170394016,-0.07780486350765328,-0.45069537072978055,0.24725277633067583,0.21940651186240143,-0.01653669811863151,-0.2578574613287803,-0.014414812605247407,-0.5459615312303048,0.03744107016556328,-0.07654439306991559,0.13310434470136667,0.2943679527439508,-0.36639004547206466,-0.39343141795084163,0.23129740397110066,-0.2933721787474577,0.03783183604311992,-0.05036481112708746,0.13159838614747793,-0.2803232859406284,0.10219868887022276,-0.1949781691964936,-0.3998376956286156,-0.0032966712740832294,0.09179484871894764,-0.3811496326214423,-0.33974589777492425,0.3290817941958292,-0.6770357772656135,0.12883430341503585,-0.33006719351211905,0.5040262330822705,0.07454482605797308,-0.04729921166541619,-0.24082583601180485,0.012359103843871205
	Fitness: 0.1999920886378982
	Number of Iterations: 5000
[32mRun #1[0m
	Best Individual: [-0.6827761566786499,-0.17312676540630811,0.31571722382608813,0.3561549364385438,-0.2227630578673917,-0.2476618857427189,0.18883840595564838,0.04331384144760866,0.18074653524843753,0.3095114312885969,-0.08768387239023773,-0.0907534252835725,-0.22659302943665427,-0.3321146494513718,-0.2604812926491708,0.15474939447195635,0.23796861579631373,-0.26044117177290227,-0.4658736172815941,-0.07855742644599728,0.20020773335753228,0.11888133916609395,-0.47732278349406376,-0.4946113425798925,0.07829337460759389,-0.16911158365956647,0.1513260824914333,-0.02879583751153786,-0.1475961325945524,-0.10404852438656603,0.07434861155487466,0.8305170618411515,-0.0901689336284563,-0.3392566866939068,-0.3861551217303188,-0.03043293204786253,0.07008070217500359,-0.05870440858462331,-0.3317137856616083,0.378352310122259,0.013455163294776001,-0.44131529323953256,-0.10828567588751453,-0.33476000546853873,-0.03288163497080418,0.04878089826191026,-0.4037261140288038,3.5748252345368936E-5,0.07080774552236693,0.21120577383846972
	Fitness: 0.19999209547903352
	Number of Iterations: 5000
[32mRun #2[0m
	Best Individual: [-0.10622056111979253,-0.17040946058870265,-0.18872219955710764,0.1180250209072688,0.40783878149368763,0.27270544719303064,0.5174875807399438,0.014653307207759203,0.026096240002854543,-0.1928898696948222,-0.1496409327858068,0.4378883174397308,-0.056229282774525935,0.004946294354760489,0.48816133093813024,0.11223902891408674,0.06801954799337245,-0.10702368904820059,0.02766415358213732,-0.3108871652291638,0.3756002588128215,0.4544973373343716,0.19805124697332488,0.03924590894404584,-0.3854454192672857,0.24320922649572135,-0.09118685256669651,-0.037763206357740386,0.3509941676409104,0.07025901739472268,0.08613264982373442,-0.2362989168317767,-0.25860404747508636,-0.18813559444436545,-0.22507984575093443,0.4053695651193757,-0.08033989766861982,0.15984858906334465,0.35693170743111674,-0.2887157275801976,0.052063968732752486,0.21975684937132092,-0.21071622064879358,0.05783323943682622,-0.42258684220981,0.19017869463995107,0.25462312514818886,0.06541029727145098,-0.17773998630831686,-0.08598708481030304
	Fitness: 0.17329114851434435
	Number of Iterations: 5000
[34mStatistics:[0m
	Average:            0.1910917775437587
numDimensions: 50
decomposeGenerations: 1200
[32mRun #0[0m
	Best Individual: [-0.09468795654858436,-0.2973101102529367,0.013655010090391495,-0.10344103740522459,-0.2711818292162593,0.48914501121253884,-0.2556978649763514,-0.11806250144541858,0.3839954288581442,0.2870681435534952,-0.2493072878284225,-0.4012318268643411,-0.29944050138178724,-0.12033395532571767,-0.39416535397069874,0.10103084788345845,-0.2890190638055459,0.13429913498636065,-0.2773224039324739,-0.11496741051776493,0.31037884397722804,-0.142401668337938,0.6853378845262539,0.4200028694321649,0.1316485004343647,-0.4101465392013206,0.32668212075826486,0.16372057842005552,-0.3312417551117498,-0.19687562022145522,-0.08922993036964216,-0.25823692430396267,-0.011294598353999624,0.18294200351163364,0.230249690263011,0.31037060418844387,0.029037011240423835,0.410320520807109,-0.06229902722117564,0.15686212509351424,-9.614540454206816E-4,0.08861862102013868,-0.3381723126856958,-0.42446440484601167,-0.17752455527423683,0.4686495980264031,-0.3786180034114078,0.05981210187625391,-0.3348753041785323,-0.2949421099000266
	Fitness: 0.19999809934070178
	Number of Iterations: 5000
[32mRun #1[0m
	Best Individual: [0.5603593974347431,0.22781170639028137,0.1803895027289024,0.42162630642021953,-0.01887476927899387,0.20323820487985386,-0.2230640972402679,0.19032707899265894,-0.2964727182229774,0.580763267790723,-0.38469705895496686,0.08840782794618063,0.1977383645599074,-0.5844589343709954,0.05730993527531181,0.16763177249644629,0.27239180237970884,0.17994917358032003,-0.393914961876312,-0.02790300199243787,0.11281687828113174,0.17902405446201006,0.06790601503740973,0.19714290309827587,-0.03528442042005936,0.39068974346778884,0.4710321735073427,-0.06779068155743942,-0.058043823227669905,0.33303950164915036,-0.01947421191871973,0.23892997555588796,-0.21977115112702472,0.1496674419124734,0.1587451273216995,-0.12413796026367971,-0.09065724185225822,0.3888647822809643,0.143913615843699,-0.09333399948269755,-0.09837093972075567,-0.040158583390200564,-0.10438052705772416,0.03614226389386199,-0.7432754384439609,-0.436598821309075,-0.055869903459624615,0.3458035337051968,0.4398056149994343,-0.12911902775133782
	Fitness: 0.1999920973398509
	Number of Iterations: 5000
[32mRun #2[0m
	Best Individual: [0.3986926998597117,-0.3878476481438019,-0.4567987152638753,0.010862324234165499,-0.059464470213612536,-0.07178742090334722,0.2477575238724979,-0.02304198689684528,0.42447837019884543,0.11731102328123258,0.18576563293130194,0.1784554541081267,0.7080822467467123,0.4023404027400015,0.3172864149573978,0.43873358668739537,-0.4255434007681635,0.2688743029690325,0.38268513643753743,-0.2714660070626362,-0.005205772316812407,-0.4062612799608257,-0.016980641555707332,0.0781953067975878,0.752606858748115,-0.11856293615328217,0.29169165097994776,-0.12160751603921793,-0.03982621838351513,0.36314683962329974,-0.23665368579095147,-0.031056225763642753,-0.1120165885431896,-0.21324849719569075,-0.12205510127322658,-0.11554483058414133,-0.10002650365147214,0.06732037654358736,-0.1163195741718366,-0.056476103308508274,0.026425265715901314,0.3383212423502375,-0.10777701928430579,-0.23441889182255815,-0.1662524743345722,0.06261555732723789,0.012805004159272881,-0.5055812478976607,-0.11476905500444107,-0.2801770812305057
	Fitness: 0.19999258387455854
	Number of Iterations: 5000
[34mStatistics:[0m
	Average:            0.19999426018503708
numDimensions: 50
decomposeGenerations: 1200
[32mRun #0[0m
	Best Individual: [0.06711404789166708,0.3610189258469936,0.03373704529457769,-0.4867302397133676,-0.2244987038257874,0.4382103666440208,-0.056435063524261087,-0.13775380024338352,-0.03888769672082509,0.1286089573627981,0.025351870727935932,0.20740926792141545,0.04637592205084344,0.1322885739289581,0.3017451543552503,0.06452660611067017,0.27881631696148823,0.17916077452025456,-0.3084641795879504,-0.5708067879002783,0.14152662500309882,0.09285783490466831,0.07076529368595322,-0.20060683336685647,0.2535801394864082,0.05762641095981186,0.18088020584161524,0.2915118686630984,-0.15865904933885422,0.04180272166398341,0.38920302361878373,0.3511484416897197,0.31784740273751755,-0.04133684402882004,0.0833013597264495,-0.06922954170113874,0.23098767383670665,0.07815200266161632,-0.44332060364821796,-0.6769038633544121,0.5311731945089255,0.0782253015299573,-0.20155195443746016,0.5699782962562003,-0.04647897631188036,0.34770682600264324,0.12344153457331959,-0.41462772834577566,-0.5096604849508254,-0.20241157558414066
	Fitness: 0.19999300491140526
	Number of Iterations: 5000
[32mRun #1[0m
	Best Individual: [-0.29589999144543533,-0.043710636385779544,0.187030355890079,-0.10113520065813343,-0.3850084349214827,0.3108825397747512,0.25819390530417907,0.11923397849180378,0.23165180133375438,-0.6488094014121358,-0.2629363536390673,-0.04838248961622896,-0.08822246534610098,0.19240984316856313,-0.3019473945670955,0.26845724272300553,-0.17909532991279536,0.3160305687117463,-0.5387791615582231,-0.09113305124428117,-0.17901317931997693,-0.2777743911440804,0.2672678446602531,0.21038360994388894,-0.06222575688517448,0.13778279302812996,0.33910198283124593,-0.21344447259038551,0.4688301485073908,-0.46434361213134423,0.4213069999203324,-0.06870971460157214,-0.16008059956190546,0.1375307094941025,0.40630347820262497,0.0864383445272173,0.10533856835414679,-0.35080040349577024,-0.05084854986576681,0.6213944674257504,0.22044310718034427,-0.23296625033247306,-0.21253252575100198,0.551917356368388,0.10690007226506074,0.08878165797456666,0.00589681609208359,0.2376280698804647,-0.20040566537394716,0.13965209636147036
	Fitness: 0.1999930081473189
	Number of Iterations: 5000
[32mRun #2[0m
	Best Individual: [-0.3560830764422178,-0.14898058305938666,0.07177757544146546,0.7148949024163033,-0.13589628872456094,0.4728368026580252,-0.16106392731684763,0.18162829820862558,-0.056250803636685096,0.3966538596398213,-0.2239079081412927,0.22482709247436264,0.016050886789062635,-0.03493339625340948,-0.3765352907243853,0.06415246579058198,-0.5164148484853313,-0.13768193762886677,0.020522904511631856,-0.1718599127241638,-0.024799003176851048,-0.42791056084638845,0.05544138284227945,-0.4379241335845002,-0.19452977982156885,-0.013730007321695825,-0.46899859847537617,-0.46705943625303087,0.0780079399335591,0.2420816292672375,0.21879278556986514,-0.2882070895554416,-0.1468398858842462,0.09208082124425923,-0.0784823846790329,-0.21716148852056227,-0.281778874830536,0.41390848332624464,0.025720734068804596,0.048670022605926594,0.08581341178166131,-0.1085900625221981,-0.22633387957252057,-0.23748841034064633,0.37522575298051386,0.004802596811010251,-0.49197504875907966,0.22545852757846996,-0.12802727264130903,0.5878186368228626
	Fitness: 0.20000494763643017
	Number of Iterations: 5000
[34mStatistics:[0m
	Average:            0.19999698689838477
[33mEND HERE[0m
[33mSTART HERE[0m
Function: Vincent [0.25,10.0]
numDimensions: 50
decomposeGenerations: 1000
[32mRun #0[0m
	Best Individual: [10.88123939102653,7.130789182814331,15.421256814689645,1.9985949011339783,4.1699078574251764,4.169909601853302,4.169907867968227,7.130789187720696,7.130789148637009,0.616850316046444,7.130789176055926,15.421256851982234,10.88123887239744,4.169907890486055,4.169907887494068,15.421256870357066,15.421256933432705,7.130789165076983,1.998594889770502,7.130789170191422,4.169907873281261,7.1307891598621085,0.6168502680475244,7.130794808057685,4.169907870867759,7.130789189827659,10.881238880109784,4.1699078625585475,10.881238856810572,15.42137573421099,4.169907861918033,1.9985948785070682,15.421256844511992,1.9985948814354972,10.881238848042505,7.130789222753686,7.1307891258864,0.6168502882242137,10.881238805406127,20.75084328225205,7.130789284630734,4.1699078674959225,15.421256933652623,0.6168502789315391,10.881238837336465,15.421256898172535,7.130789207270475,4.169907843934747,7.130789152481553,7.130789178006003
	Fitness: -50.999999988484
	Number of Iterations: 5000
[32mRun #1[0m
	Best Individual: [4.169907861012438,1.9985948941669762,10.881238824978903,10.881238849650511,7.130789158114148,0.6168491095344981,15.421256841707798,1.9985949237115657,4.1699078577511,4.1699078580526905,4.1699074911178435,7.130787494340028,7.130789230394997,0.6168502730125203,4.16990450268266,10.881238858673719,10.881238833244552,15.421256902920074,7.130789151893042,4.169904517514938,0.6168502828907285,10.881238837667189,4.169907988097226,7.130789182319944,10.881192506943574,7.130789218359875,0.6168503562659384,10.881238724539527,7.130846597151672,10.88123854582891,1.9985951832529159,1.99859488260948,15.421256919184504,1.9985954480221693,7.130855706296299,7.130789158921102,4.169907889236531,10.881238886110314,7.130789178895215,7.130464636442843,7.130789041551125,1.9985953210475431,4.169907870355807,7.130741632575458,4.1699078867178105,4.169907879046,7.13078921455728,10.881238812923009,10.881238829713443,4.169907865199386
	Fitness: -50.99999979528736
	Number of Iterations: 5000
[32mRun #2[0m
	Best Individual: [4.1699078650339665,7.130785279357292,7.130789192750948,7.1307891403451205,10.881238887029422,1.9985948769935815,10.881267947854196,1.9985948838421619,0.6168502742586404,7.1307891647321435,10.881238869295034,7.130771963934896,0.6168502779251279,10.881238865583555,10.8812391388627,7.130789200603864,10.88123887781468,15.421257262761925,10.881238809542433,7.130789201855409,15.421256841127573,7.130789159726552,7.1307891836458115,7.130789150573351,7.130789155598703,7.130789174300527,7.130789137310055,10.881238877654287,7.130789157715467,7.130789149674433,10.881238861680927,15.421256722684339,0.6168502834273153,15.421256895761609,10.881238885274875,7.1307891393383835,0.616850276579041,7.130789188388382,4.169907882445297,7.13078921794847,10.881238884529903,15.421256886125258,0.024674016481508243,10.881238465829611,20.750843328245864,7.1307891506370265,15.42125731473906,7.130789894028755,0.6168502754183789,1.9985948733694525
	Fitness: -50.9999999984798
	Number of Iterations: 5000
[34mStatistics:[0m
	Average:            -50.99999992741706
numDimensions: 50
decomposeGenerations: 1000
[32mRun #0[0m
	Best Individual: [7.1307891677357365,4.169907853356764,15.421257189811797,7.130826159133462,0.616850276052616,10.881238773048336,7.1307891826794885,20.750837958971253,4.169907872491349,10.881238844395222,10.881238865262961,15.421257663770014,7.13078912872782,4.1699078540473185,10.881238895965648,1.9985949096788964,7.130787863416912,10.881243500765688,4.169907851920805,7.130789168118116,7.13078925630507,1.998594892788271,15.421258806974144,7.130789161013444,0.6168500711515096,15.421255243207888,1.9985948984731348,4.169907881827557,10.881241856368735,4.169907842680775,10.881238858214454,10.881238879762932,10.88123889373465,4.16990777087695,20.750808360495213,15.421256964565352,7.1307891433846535,7.130785443885509,1.9985948913361673,7.130789153798991,10.881238799263734,15.421256985484177,7.130789184018946,10.881238903758097,7.130532736660881,10.88123869802213,7.130789189124469,7.130789214328432,7.130789187220484,7.130789193841574
	Fitness: -50.99999988150097
	Number of Iterations: 5000
[32mRun #1[0m
	Best Individual: [15.421256828187607,10.881238896586,1.9985948866955632,4.169907842179457,10.881241475685169,7.130789148153264,1.9985948946097793,4.169907882252936,7.130757020475106,10.881238891482745,4.169907849639499,4.169907870489251,0.6168502760863251,20.750843226050463,10.881238867872462,15.421256904818371,10.881238877130922,4.169907849127764,10.881238792788348,7.130789211080601,10.881238839456012,1.998594905399253,7.130789201251265,7.130789181608948,4.16990788285679,7.130789152289165,15.421256918721935,7.130945244520725,7.130789210513697,7.130789206136208,4.169907843270584,15.421256855149503,1.9985948745180606,10.88123883765743,10.881239233376078,4.169907825886838,10.881238797725626,15.421256816036403,1.9985949113080816,1.9985949084307,4.169907837572309,20.750843194903844,10.88123244882183,4.169907892593443,7.1307891849621825,7.130789550414952,15.421256921871421,10.881238725487801,10.881238868630486,4.169907868280429
	Fitness: -50.99999995543658
	Number of Iterations: 5000
[32mRun #2[0m
	Best Individual: [7.130789161678822,4.169907903563501,1.9985948336558108,0.6168505500757195,7.130789001044739,0.6168502717006659,0.6168502766388673,1.9985948930243391,7.130789194307449,10.88123883474103,1.9985935923364413,7.130788924838974,1.9985948933429292,0.6168509114507693,7.130721626313896,10.88123890683426,10.88123893627655,15.421258015899427,4.169907839064556,10.881244246347054,7.130789138303209,4.169908019385067,7.130786554128935,10.88123882917856,4.1699076123555585,0.6168502885947572,4.169908058413153,10.88123998003941,10.881200111014504,1.9985892006512587,1.998594612269728,10.881238845947172,7.130789383685298,7.130789188921447,7.1307889008775565,10.881240389045555,10.881238836400572,1.9985953958085778,10.88124003370956,4.1699078954433375,7.130789241445797,7.130789320682393,7.1307891880372285,10.880301675602077,7.131504191855053,7.130789296718717,4.16990921280925,20.750851387180752,15.421256606252154,0.6168502707459925
	Fitness: -50.999998084805014
	Number of Iterations: 5000
[34mStatistics:[0m
	Average:            -50.99999930724752
numDimensions: 50
decomposeGenerations: 1000
[32mRun #0[0m
	Best Individual: [4.169907854254977,10.88123854647211,7.130789144107954,4.169907860178938,1.9985948662226511,4.169907858346523,0.6168502831802369,7.130789187251836,15.421256822696932,0.6168502785355192,0.6168502775049663,10.881239886413384,4.169907828106339,1.9985948831523144,7.130789196512167,4.169907858890698,7.130789184850027,4.169907860766461,7.1307892012985485,15.421705641396343,10.88123885676664,7.130789208303538,7.130789198321656,7.130788220438024,7.1307891096236435,7.1307891671624875,15.421257180174216,4.1699078622295005,7.1307943405403424,15.421256921531779,1.9985949066816695,0.6168502608629157,20.750843190909766,1.998594888022457,1.9985948859748677,10.881238836536049,15.421257599331781,7.130789212639815,0.616850255446089,7.130789194769433,7.130789149169003,10.881238818968178,10.88123886618017,4.1699078642429015,10.881238803630332,15.42125685461703,7.130789176896032,7.130789223385238,10.881238849159502,7.130269412916405
	Fitness: -50.99999936311869
	Number of Iterations: 5000
[32mRun #1[0m
	Best Individual: [15.421256890031929,0.6168502687553086,4.169907836921211,10.881238823571033,7.1307895169493305,7.1307891868347735,4.169907881103013,7.1307907402022686,0.616850270166789,7.130789162371909,10.881238827617217,15.421256835753914,1.9985950341758638,7.130790978681033,15.421256826197478,4.169907850426481,10.88123886193906,0.6168502906533058,10.881238531780168,10.881239765214929,7.1307891253551805,1.9985948739032486,15.42143852071095,10.881238826695682,7.131221525514548,4.16990984732636,0.6168502434844092,7.130789197573866,7.1307881412662075,10.881238820581693,10.881238857657731,10.881238780499043,10.881238859927745,10.881682632911604,10.881201323201815,10.881238802447118,0.616850272168213,10.881238671839789,1.998595013098054,10.881238840061354,10.881238851592226,7.130789157446998,7.130789168070628,10.881258958072753,7.1308024759050195,4.169907887246589,10.881238847330588,10.881238355325527,15.42120444174741,1.9985960402837226
	Fitness: -50.999999414707624
	Number of Iterations: 5000
[32mRun #2[0m
	Best Individual: [0.02467401095632571,1.998594912034098,10.881240633724607,15.421256876325973,10.881241479748496,1.99859488925759,0.6168502177590538,4.16990786909973,7.1307892345612744,7.130784153335942,1.9985948964712532,10.881238870181754,7.130790081924837,10.881238695528518,15.42125685138117,20.750843250151355,7.130790080868556,7.130789192582896,1.9985948498911148,7.1307891892849,1.9985948554948365,4.16990784294088,7.130789475155454,10.881224169533187,7.130789634173618,0.6168502793718142,7.130789888938825,4.169907840453526,4.169907860531984,10.881238676962246,7.130789181479128,4.1699078263523495,7.130789137877125,15.421256422514885,7.130789135736737,7.130789203193204,10.881238852697216,10.881237265884064,0.024674104990429324,4.169907843966485,7.130824748432104,15.421281736772265,10.881238889793375,0.616850277473593,7.1307894907663805,0.6168503654819708,10.881238883314245,4.169907568637793,7.130789202615192,10.881244425097197
	Fitness: -50.9999999969296
	Number of Iterations: 5000
[34mStatistics:[0m
	Average:            -50.9999995915853
numDimensions: 50
decomposeGenerations: 800
[32mRun #0[0m
	Best Individual: [0.6168502785343721,1.9985948723842928,4.1699078668070255,4.169907863986511,15.421256867869346,10.881240285385875,4.169907854729511,0.6168513714718716,7.130789306181908,10.881238878855589,10.881238869109987,4.169907872615715,10.881238872059747,10.881238824005052,7.1307891892792465,7.130789142939082,10.881238819935758,10.881238345075682,0.6168545869049297,7.130789189506193,7.130789201396839,10.881238911758945,0.61685027210583,10.88123880355766,7.130789192087952,0.024674010014446024,4.16990783769635,7.130789232205575,4.169907874912572,10.881238808120838,4.169907881591824,1.9985948815188932,15.42125687879227,10.881238847573577,10.881238820064924,7.1307892145600675,10.881238810766288,4.169907870826302,10.881238897892047,7.1307892151016325,15.42125654675416,4.169907893787331,15.42125621663601,15.421258089054852,1.9985945633200695,0.6168502780822156,7.130789191938123,4.169907872465789,7.130788764982621,10.881238282601716
	Fitness: -50.99999999959321
	Number of Iterations: 5000
[32mRun #1[0m
	Best Individual: [4.169908381821381,10.881238849323433,10.881240111678188,10.881238848797421,7.13078906933682,15.421256856971088,7.130796691727401,10.881238838912239,4.169907844131994,1.998594920297018,10.8786721966825,4.169907827783391,1.9985949052262602,4.169958342269739,1.9985950010750466,10.883280770542822,7.130789154798602,1.9985948828170519,15.421244932867806,4.1699077147735375,7.130789998776037,26.86999792201322,15.421278090789873,7.130791364688358,4.169907836082479,15.42125684944217,15.421257252385239,10.881209250034024,1.9986387047107221,1.9985944525812582,15.421256834783822,7.130659896412322,4.169907135010263,7.130789156054417,7.130792792241087,10.881238900589098,7.130772400738193,10.882036219626702,1.9985939819574896,10.881238966020192,4.169907834596991,10.881239576187232,10.881238843050912,7.131699892925328,1.9987761314025976,7.130789137978267,4.169907822635922,1.9985948923899497,7.12850880142241,4.169907872340483
	Fitness: -50.999976084386574
	Number of Iterations: 5000
[32mRun #2[0m
	Best Individual: [4.169907875922557,7.130758069749261,7.130789170095294,10.881238873816002,10.88123882591096,0.6168502809494397,7.130789192697424,10.881238706170045,7.130833926036269,10.881238857356983,7.130789107035996,0.6168502718535409,10.881238880611768,7.130789162344948,1.9985948944327998,1.9985948861019205,4.169907870866373,10.881238939162508,10.881238852248739,10.881238795302185,20.750843213032162,4.169907872460442,7.130788793507086,4.169907839191353,4.169907876503155,4.16990786303889,1.998594900508154,0.6168502882626405,10.88123889002615,7.130789156553309,15.421256842547077,7.130789148775381,10.88123885321123,4.1699078750509235,10.881238839902624,15.421256887393245,1.9985949106118623,0.6168502771777831,4.169907909914194,20.750840475714515,7.130789204635974,7.13078914465777,1.9985948767483752,0.616850278236036,7.130789149467178,4.169907849971996,4.169907845086082,0.6168502754262852,7.130789136222477,7.130789165626368
	Fitness: -50.99999999478863
	Number of Iterations: 5000
[34mStatistics:[0m
	Average:            -50.99999202625614
numDimensions: 50
decomposeGenerations: 800
[32mRun #0[0m
	Best Individual: [33.778427919191735,10.881238917600271,10.881450000193166,7.1307886301859345,10.881238804068765,7.130815009571821,7.1307911730672195,4.1699078858029175,7.130789162535192,0.6168501967614421,15.421256771181032,0.6168502795705186,10.881238574425728,4.1699078761551,7.13078918712023,7.130789423658482,10.881238799582661,1.9985949038646356,7.130789228147433,7.130789312451235,4.169907843438411,10.881238776803826,1.9985948136130505,15.421277346962285,4.169907951596725,10.881238821868422,10.881273173161016,1.9985948759334562,4.169905352153262,15.421256858144481,1.9988237647944023,7.130789140593415,1.9985949001028054,7.130789276008395,7.130789260413571,15.421256803144537,4.169907849964859,7.130789161255377,15.421256893030435,7.130789207900334,7.130789208161934,0.6168502756658845,0.6168502261214422,1.9985949531455125,4.169907887917045,7.130786824068963,10.88123881066005,7.130793496779039,10.881238904788615,10.881238808829131
	Fitness: -50.99999958644685
	Number of Iterations: 5000
[32mRun #1[0m
	Best Individual: [10.881238828207305,10.881221542688087,1.9986085438886008,7.13078892486315,4.169904648480495,0.02467401103487671,7.1307892482439055,4.169907100381926,10.881238839767255,10.881238822681583,7.130787170110694,7.130789142520833,4.169908360506666,0.6168502595734157,0.61684329024365,10.881291199057047,15.420694322890947,7.130789120883754,7.130789193889942,15.421256885994573,0.6168502837266621,1.9985949117097093,10.88123884694733,7.130787869700327,4.169907862929178,20.750843286165164,1.9985948897689036,4.1699078603122155,0.6168502833886778,15.42125677361839,7.13078917916299,0.6168502682442208,7.130789176721697,1.9985948808686733,10.88123875945745,10.881239006395187,7.130789200093773,1.9985949068006637,4.169907876345461,4.169908627056393,7.1307890861184084,7.13078914085073,10.88123884260924,10.881238614938686,7.130789987433771,7.130789137458604,1.9986010646656345,4.169907888214398,4.1699078709812625,4.1699078454920135
	Fitness: -50.99999973754553
	Number of Iterations: 5000
[32mRun #2[0m
	Best Individual: [0.6168502149174192,4.169907757838767,7.130788911838183,15.42125687376171,7.130971571727844,4.169907849905611,10.881045342813707,4.1699078403649965,1.9985949017597475,7.130789192338726,10.881244663959844,4.169907846345383,10.881239137566592,15.42125682219505,10.88029604643583,0.6168502517499861,15.421256912359004,1.9985948882804188,4.169907818859636,7.1307892061030955,4.169907803055646,7.130789191522036,0.6168502468213384,0.6168502410327992,10.88123860516165,7.130788933323077,0.6168502502975332,0.6168502951823518,7.130792041780909,4.169907874502581,7.13078916573766,10.881254234438863,7.130789125611482,7.13078920598683,7.1307891294570815,0.6168502681080807,4.169907878641957,7.130780954737837,4.169907833470777,7.1307891433943364,7.130789290822267,7.130789162058972,10.88123890668298,4.169907378783077,7.131025471221579,10.881238584672428,7.13078914649876,1.9985948793234125,0.6168502891378385,15.421256867127381
	Fitness: -50.99999877918823
	Number of Iterations: 5000
[34mStatistics:[0m
	Average:            -50.999999367726865
numDimensions: 50
decomposeGenerations: 800
[32mRun #0[0m
	Best Individual: [10.881238862034898,10.881239062435156,7.1307891784318285,15.421256868026406,4.169907917608572,10.881239242740257,15.4212531196765,1.99859491044128,4.1699078740358955,10.881239042939573,10.881243291475283,7.13078816490394,10.881238886215558,7.130905884935705,10.881233844998924,0.6168498556697494,15.421256828328698,10.881238884217126,1.9985949305248332,0.6168502422017541,4.169907872397838,4.169907856214225,7.130789442885891,10.881238913754165,7.130789191918819,4.169907334654591,7.130787166052142,0.6168502733448732,7.1307891828762,4.169906928828,15.421257173986277,7.130779484366198,10.88179278970388,10.881238859785082,0.6168502677734424,10.881239114848983,15.421256839346473,7.130789176263623,10.88123890522558,0.6168502622505654,4.16990783165924,4.1699078361544855,4.169907880291746,1.9985948437861927,0.02467398827555911,4.16984274066394,7.130789167191329,0.6168502755259282,1.9985948390611061,10.881237074995672
	Fitness: -50.999999610678834
	Number of Iterations: 5000
[32mRun #1[0m
	Best Individual: [7.130789173666691,4.169907812116511,7.130789205451921,15.421256970367555,4.1699078018755475,7.130789147942345,10.881238834781293,7.130789155778489,10.881238963327235,7.130789278580861,4.169906819396063,10.881238868953442,4.169907882664862,15.421256762669088,7.130789191467031,7.1307892351201385,10.8812388150432,7.1307891602353015,10.881238885878936,10.881238815906704,1.9985945808751255,4.169907871220379,15.421235276423188,7.130789085324121,7.130789186649768,7.130789187640918,7.130789137662567,10.881238876002266,10.881076755553476,1.9985948982951292,7.130789203229896,7.130789039219293,4.169912278390193,0.6168502791142139,10.881238765092366,4.169907871442972,10.88123890204034,4.169907891943597,10.881239960540906,7.130789185352596,10.881238854157443,4.169907872963266,7.130789933139333,10.881238837961863,7.1307918428109165,7.130789161803049,1.9985956553868194,1.9985948795264203,4.1699078066574415,7.130789168480171
	Fitness: -50.99999996935636
	Number of Iterations: 5000
[32mRun #2[0m
	Best Individual: [10.881238808789778,1.9985949078632674,1.9985949203063518,0.6168502713881269,4.169907838988802,4.169907897450049,7.130789241588221,10.881238865994192,10.881238795284569,4.169907875441929,10.881238850699376,4.169907830605783,10.881097806319268,10.88123797587878,7.130788943550495,4.16990783092552,7.13078923571017,15.42125686783709,4.169907848350652,15.421257427130945,7.130789171732763,4.169907841798049,4.16990707248837,1.998594877913221,10.881238882213744,20.750842023077876,1.998594902418693,15.421241988207,7.130786096817598,7.131298264295021,7.130789228088682,7.130780885937986,4.169907857988304,7.130789145975989,15.421256892380569,10.881238807102822,10.88123883697947,7.13078897413952,7.130789195737034,10.881238808079353,4.169907877752185,10.88176004588706,4.170034827641134,10.881239849058165,15.421199808578539,10.8812056046119,10.881239808695543,7.1307891671783,20.75084328463807,7.130789136557785
	Fitness: -50.99999915824873
	Number of Iterations: 5000
[34mStatistics:[0m
	Average:            -50.99999957942797
numDimensions: 50
decomposeGenerations: 1200
[32mRun #0[0m
	Best Individual: [7.130785202697469,1.998594896202623,1.9985948692473028,10.881238778652392,0.6168502768365762,7.130789187884554,0.6168503783511716,4.1699079145533196,15.421256904817014,10.881238866862198,10.881238866390806,4.169908016885817,10.881238815418147,10.881238879678463,7.1307891730816815,0.6168502561224007,7.13078844266202,4.169907876375833,4.169907875084977,10.881238858753187,1.9985948619995657,10.88123882154443,1.99859490769302,10.881238889141471,7.13078920680334,1.9986086096868636,0.024674016637200147,7.130789183232844,15.421236344993932,7.130789188067455,7.130789159061358,4.169907859091862,7.130871241648636,1.9985949239459062,1.998587209606156,7.1307894361899065,10.881238888711675,10.881239564191825,7.13078913585503,7.130789151104869,10.881238809890727,7.130789143707565,7.130789208981474,10.881238891578784,7.130789146348698,4.16990784842122,7.130937635867436,15.421256849850037,1.9985948807392675,10.88123882813138
	Fitness: -50.999999947644355
	Number of Iterations: 5000
[32mRun #1[0m
	Best Individual: [10.881239532019094,0.61685025820851,15.421257310978952,7.130789176836052,7.130789192734595,7.130789192827427,10.881238852772,1.9985948914701055,10.881238879693989,7.130499151377126,0.6168502772779414,1.9985948472512498,10.881260983187268,1.9985948832008522,10.881236334862951,1.9985948988734867,7.130789185117349,7.130789170627475,0.6168502802117044,7.130789447445951,4.169907759371854,10.88123883348724,4.169908155500354,7.130962026284435,15.421256798555024,4.169907874809397,10.881238819604388,7.130789172549243,10.881238879365265,7.13078925984386,20.75084320367389,10.881238825935702,7.1307891809899955,7.130789218850507,0.6168502780107281,7.130789187291233,7.130789220236273,10.88123890124966,0.61685055189456,4.169907826946636,7.1307891434943285,20.75084446581564,4.169907359285078,10.881238879506467,15.421256902614983,7.130789246465462,7.1307892104151485,0.6168502783789428,10.881238805751451,10.881238819954161
	Fitness: -50.99999979959909
	Number of Iterations: 5000
[32mRun #2[0m
	Best Individual: [10.881238863825486,0.6168502730505125,15.421256872654997,4.169907836180013,33.7787271303291,7.130789201177071,7.13078917099384,7.130789168006189,0.6168502746523735,1.9985948968983216,0.6168502887897835,15.421256456416035,10.88124052516837,0.6168502667698036,10.881238998240669,15.421256922646808,1.9985948935503464,4.169907865214474,7.130863044223619,7.130789176220956,10.880878871335343,7.130789076106624,10.881238814524398,10.881238890816292,10.881238881895847,0.02467400950591747,7.1307891471836955,15.421088356149465,4.169908509180111,7.1307891613002905,10.881238869708529,7.130789134884296,7.130789190772406,0.6168502770761006,4.169907827693461,4.169907827504792,15.421256764387056,4.169907844036028,1.9985949117203337,10.881238805639263,33.77880364675559,10.881238886388363,15.421256923596552,4.169907825892923,15.421257024585648,7.130848281428412,15.42125695583822,0.6168500488376933,10.881238779186216,15.421256998763011
	Fitness: -50.999999809883306
	Number of Iterations: 5000
[34mStatistics:[0m
	Average:            -50.99999985237557
numDimensions: 50
decomposeGenerations: 1200
[32mRun #0[0m
	Best Individual: [15.421256888946587,7.130789137582418,7.13078917347605,7.130786730699948,1.998594886435252,4.169907860524191,10.881241483856613,7.130789106619812,10.881240936290489,1.9985949212574525,10.881212099641058,0.6168502375624418,7.130890591392687,7.13078918291518,7.130824982208363,7.130789199033067,7.130789038006466,10.881238805211684,10.881238835790175,26.869804939963714,10.881238879363043,7.130789129407357,10.88123954433047,1.9985948871567478,1.9985955347614532,10.881238791918278,4.169907841213616,4.169908098658004,0.6168502617536842,4.169911326892327,7.130789117795148,10.881238873921976,10.881238884246782,0.616857301726973,7.130789133787746,7.13078918988567,4.169907857295358,10.881238865468378,20.750843244218487,10.881239182022687,7.130789554256867,10.881238848160118,7.130814686834779,10.881239161449013,4.1699632987000665,10.880848589725911,15.421256375446376,7.130789195459927,1.9985948504320872,7.130789296051718
	Fitness: -50.99999977518333
	Number of Iterations: 5000
[32mRun #1[0m
	Best Individual: [4.169907813461387,7.130788931566077,4.169907868971984,10.881229218273674,15.421256875837564,0.6168502820381666,10.881238821485347,10.881239312963281,7.130789217968865,7.130789071298446,0.02467401120989443,1.9985949012560653,7.130789121557425,7.130789184566877,4.169907897014018,7.130784802556044,10.881238800710886,10.881238919770299,10.881238783716231,7.130789194183689,4.169907857031372,10.88106581033852,0.6168502680588931,4.169907843984412,10.881238899329869,20.75084325598556,10.88123879394325,10.881249038579146,1.9985949715553115,10.88136728908508,10.881238844765281,0.6168502664082662,10.881238900743002,1.998594855128918,1.9985948829787414,7.130788662642082,10.88123904880949,4.169907260705542,10.881238849290467,7.13078919226109,7.1307888165935385,1.9985949064336106,7.1307890424684075,1.9985948757414589,4.169907852691502,4.1699079615269135,1.998594907861455,4.169907904992053,15.42125680948064,7.131155365856561
	Fitness: -50.999999711337416
	Number of Iterations: 5000
[32mRun #2[0m
	Best Individual: [7.130789216413992,15.421256850700306,20.750963021393503,15.421256866643315,10.881226648081093,15.421277939146595,10.881240381751958,15.42125689611878,10.88123886723331,10.881238796364942,7.13078918122618,0.6168502811254968,7.130789183479788,0.0246740127098507,4.169907857704987,15.421256501257,7.130789164545295,4.169907849003823,7.130789173476355,10.881238838057037,1.9985948716566697,10.881238422753158,7.130786037549516,1.9985972351691268,10.88123883511328,7.130773470749707,10.88123906956281,10.880632959677612,7.13078921868889,10.881242735254094,10.88123996359861,7.130789162580383,4.169907860905365,10.881238798598483,1.998594893627684,10.881239354599689,0.6168503089831772,7.130789175266974,10.881238905546859,10.881228256207308,7.130789228330846,10.881238896417702,7.130789160808616,7.13078896737083,7.13078919380334,1.998594894603032,4.169907871826694,10.881238690340584,1.9985949070186377,7.1307892168028815
	Fitness: -50.9999995684626
	Number of Iterations: 5000
[34mStatistics:[0m
	Average:            -50.99999968499444
numDimensions: 50
decomposeGenerations: 1200
[32mRun #0[0m
	Best Individual: [10.88123890323965,15.421256903876596,10.881238788853032,7.130789188759418,7.130789201380884,1.9985948891659704,10.881238787734347,1.9985948902223702,7.130789247531725,10.881238872986163,1.9985949020490217,7.130789164483667,7.130790531086696,7.130789191805075,7.130789192150868,10.881236026778062,4.169907873812902,15.421257105789156,7.130789185000332,7.130789185169288,10.881238896515534,4.169907840431998,7.130789188807562,15.421256868786205,7.130789206734473,7.130789198696207,4.1699078556337525,26.86999784509067,10.881238868818794,7.130789169695944,7.130789177631626,0.6168502772985411,15.421259973558227,15.42125686064567,10.881238033664772,7.13078922438114,7.130789205386179,0.6168502714530968,0.6168502687571795,7.130788852739847,10.881238898078944,15.42125682506786,10.88123889665992,1.998594850835461,1.9985949055423116,7.130789155374255,4.16990783420223,10.88123883599231,1.9985949131278504,1.998594538711378
	Fitness: -50.999999999978044
	Number of Iterations: 5000
[32mRun #1[0m
	Best Individual: [10.881238864088097,15.42125699558197,7.130789153148102,7.1307891791201055,7.13078908758407,10.881238861804865,10.881239435290919,7.130802614198342,7.130674253960722,4.169907837985498,7.130789241311932,4.1699078730375065,15.421256927847004,1.9985948957793838,0.6168502847644812,7.130789132785769,4.169907845348544,7.130789010044709,1.9985948940918017,10.88123034117275,7.130789029186651,4.169907873317401,0.6168502721130817,7.130789203217733,1.9985948783536478,7.130789199667131,10.881245993635329,4.169907779906428,4.16990783399878,7.130792582276467,0.024674046609747258,7.130789203180662,0.616850264060018,15.421256990094653,7.130789202097894,7.130789140574038,10.881387933584124,7.130789146582945,0.6168502859234204,15.421256812843634,15.421433121574937,4.16990788537703,15.42125681235489,10.881238873715823,10.882224242854793,4.169907881753592,7.130789170473933,10.881238822776327,7.13078920065074,7.130789147992606
	Fitness: -50.999998810262426
	Number of Iterations: 5000
[32mRun #2[0m
	Best Individual: [15.421256913880175,10.881237323845443,0.6168503313937781,7.130789196225916,7.1307886040721975,10.881238915952938,10.881237913872702,0.6168502827476933,7.130789175472901,0.6168502798358159,7.130789144632047,0.6168489714892719,0.6168502726801557,10.88123883784047,15.42125685127553,1.9985948842399281,7.130789157290899,7.1307993427336385,7.130789215414485,7.130788924939119,7.130789174777532,7.130789172629082,7.13078863115928,15.421256816345783,7.130789055047989,15.421153657435507,7.1307891958436045,15.421256830752483,0.6168477587083739,10.881238879763561,15.421256832308124,10.881238819489138,10.881238900073868,10.881238901067174,10.881225619767052,7.130789149348718,10.881237318742254,10.881238786138152,4.169907876660353,15.421063792631477,1.9985948837468896,4.169907056249046,4.1699078750237115,0.6168513281211295,4.169907886517075,7.130950069031055,7.130789137917658,10.881238845650376,10.881238803171511,10.881238867224912
	Fitness: -50.99999991519197
	Number of Iterations: 5000
[34mStatistics:[0m
	Average:            -50.99999957514415
[33mEND HERE[0m
