java Main 50 false # executing the program
[33mSTART HERE[0m
Function: Alpine [-10.0,10.0]
numDimensions: 50
decomposeGenerations: 1000
[32mRun #0[0m
	Best Individual: [20.618124893119244,-35.788356268399326,68.11854797309074,-64.56498138469982,-99.20177087481653,-7.904431778829505,21.03516087098842,-73.88248111112526,27.10172416589115,-36.09413116726776,55.029725448293846,25.718658362664293,-121.20429110885661,-70.684655776294,55.30553806573052,-44.891223967809694,-29.20017484167148,-17.069851470889283,-36.15485650804134,-51.94470215293558,27.02706048649132,121.02675650667078,-38.967963353861386,55.308345899654135,35.735678426763755,-33.47144301338926,-29.859841602949675,20.273527343976433,11.361342860094997,-76.20620826375273,-77.22241151949545,-29.470008227706785,230.20857728106503,54.74345808384119,32.5087202834758,-41.91559973117784,99.07686866182587,26.160964886032502,105.29909961887992,-48.356860397121444,8.276706949962913,55.084102496168654,136.3212001862412,-4.921486354384092,26.94447654683391,58.90838237873218,23.666452083399847,45.51857817986561,-95.73549776660062,-51.83666305345405
	Fitness: -4.879804548168504E38
	Number of Iterations: 25
[32mRun #1[0m
	Best Individual: [101.40003882342879,-49.065568164052245,-7.8323093981290715,17.880517189937176,95.8944239481565,-73.59359845394732,52.18870984937335,-35.59540285255928,19.882432621538687,29.418352250176678,35.69451336931318,-42.08127688290412,-42.25874031886255,-126.79321918796194,32.983960336954404,-48.65439056615213,20.64760086402932,36.14270434435897,-32.72874611671071,32.88648864752643,29.723178895811316,48.778159149404615,124.29350402741123,-45.09704788024312,-76.86136646219738,-29.49748304344149,-89.65834489673924,-23.155199543231166,-51.57225425432068,65.04887616819784,64.68850337937437,26.698796064915506,-127.35631163989173,17.59603960651556,22.860671518539597,64.13330746697685,26.598316284472496,102.53119944507822,11.391920671059975,-96.04315427127472,20.663880780974807,-39.433189683329275,-41.92048992037077,32.407638306300846,-14.889300773859397,48.484092206724924,-35.602116475660566,-48.40578635891073,17.189678557744408,120.82190163189816
	Fitness: -6.1333898247094985E38
	Number of Iterations: 25
[32mRun #2[0m
	Best Individual: [32.92590859876544,-51.38938638273654,20.136535648226392,142.64329570120913,83.57278687083408,27.186388175658923,-30.353558791693274,-77.61353446158921,35.612481473114386,83.23373083416075,63.77127555816196,26.40088347342878,27.120856993666955,-38.851257584580004,-86.57041517308721,-60.94444066921318,83.97787269685432,-143.2300128116358,-58.11044407566634,-114.09333151678584,-158.8582300602566,-20.92655734457019,-26.796491058494745,-45.98643356792738,-16.945270609295918,-58.6998617168575,-51.091286934360745,23.810698054847116,-4.785118475898596,63.73259682862118,101.6592405835936,-29.27817274357134,70.48722186615265,92.81129813669315,-54.744501941573255,-58.34303827576938,14.210274735944521,70.53560290530132,19.771969880172023,-89.85413395363759,48.010900209907234,57.329915216632706,-43.50756005041547,30.742260403629466,20.794018474447547,-80.91167338896909,-145.29958750931922,27.11829617626486,23.484024472733573,27.262876746827
	Fitness: -5.840991979384118E38
	Number of Iterations: 25
[34mStatistics:[0m
	Average:            -5.618062117420707E38
numDimensions: 50
decomposeGenerations: 1000
[32mRun #0[0m
	Best Individual: [-77.40451340604915,-67.62886565228936,67.72932322927005,-89.40024376811662,-54.9681031719949,108.55283968756459,27.103066224023987,57.79132868882563,-52.01479327936407,29.550353113641528,-39.549435685385006,76.80996263300052,20.705132447212073,52.378536101724094,86.70010238272846,46.26896832472781,11.1645708438567,116.89317429199741,51.07877917081264,-30.086993175608647,-70.78210681205101,-13.98361611681709,35.97030526773399,-45.8366152893612,-33.155359664073785,-7.727547909873347,-52.38000908948578,23.84108398398199,39.58056815857578,41.63267649203091,-45.58761550670937,45.96349034010857,-76.84460287751608,36.30572383336514,-77.07602977082354,-20.462497511943695,39.009540830046525,89.64973038248644,-48.83596174387226,39.31807159746665,79.57093313859286,48.563152722821414,51.30100746031424,-14.520712915650277,-70.59388505776926,-64.6222244713934,-27.302867304085154,-51.608554937203365,52.229219716680696,-52.21824514787241
	Fitness: -5.946163440268525E39
	Number of Iterations: 25
[32mRun #1[0m
	Best Individual: [-39.47280404901848,23.740056476719403,70.42453730326788,-29.510505433473103,14.686863693034299,-46.18654601180006,57.57694174397311,-11.184034332823039,-20.72310260155034,-17.082049485812398,33.02293781960011,17.31429532107211,27.0392476964068,20.44859822153459,-89.66464775561803,-98.54543526353348,-70.59062643619428,-41.976670380247675,-111.44345474470809,-58.44521900959906,-77.16901093159115,54.68464022498101,74.16379283266895,76.99130230351858,26.72331762644128,-27.426713084622666,-102.51934022661945,-46.07252133199955,142.56073867833567,-23.57851202896731,-35.086049755678,-39.211440020401874,29.95514813974596,16.870757008282496,-57.894439225323126,39.72044494992649,92.69687056552826,-163.9747254955829,-52.38547055081702,-77.08046247223623,36.501722638906415,-58.56911582880279,-98.25369199002148,-33.02278730444665,-86.17515492732069,-52.31979544943475,-63.64770771040799,38.814127515661696,-20.639325299277523,51.28634962909135
	Fitness: -1.9074752087582744E39
	Number of Iterations: 25
[32mRun #2[0m
	Best Individual: [52.10172358323046,-89.55968884836508,-80.25528381391473,49.3512527895285,-30.37349743867468,-32.88870012841892,-63.914917932520815,41.679053527251455,-17.148734215165945,-76.55891059182743,-55.17999551516098,14.088671458368122,-7.603493461366895,17.504218884118117,-45.4111851755166,-86.03714228757474,-82.73423467192815,-21.01203128192338,20.103785311012253,-52.294788404504715,38.61647116369166,-61.39707805777507,-29.766811770058183,-77.05423903150457,184.7016114792163,20.672367954243526,82.5995439805928,-67.33652349514625,96.01433398580542,-51.36459386512393,193.30860231429432,-70.81604872345801,52.02263548018989,26.22684407705359,-146.86453189886177,-51.94058283283368,-45.984019105473024,68.05563006266786,57.96470789538598,33.96386620437368,30.180448667583896,-74.5475414141392,38.954064963231275,14.75297005388807,-63.20563568070675,8.171963906004642,83.74073415167126,-10.608639747544142,92.35899916092671,33.019475898671956
	Fitness: -5.240017468266697E38
	Number of Iterations: 25
[34mStatistics:[0m
	Average:            -2.7925467986178233E39
numDimensions: 50
decomposeGenerations: 1000
[32mRun #0[0m
	Best Individual: [51.57569782175064,-74.1894491420717,-105.99828964041392,20.291992509802988,-30.0050459963009,-58.35048718524176,38.86265364115626,118.21355047817677,42.08124558323713,8.057011744112021,-52.58993164344295,51.523175767167885,14.42988796761975,-58.100198442949534,-114.79321619588627,-139.23744708419736,-71.37645811164512,96.48888717143893,-77.2813365513684,7.579128385761326,30.08679734200691,-136.85962812851557,-58.2442811531276,52.591930359799804,-24.153337792945088,-35.677175183185156,93.20362069908624,-39.09298517800777,-49.43281841150882,-14.373895295303221,-108.68007156658354,-71.09763236759485,-11.009122656607474,96.40972889763825,-22.902060559557512,-29.975413345743167,-54.30943238862574,-33.792749051695544,140.32128831207967,-102.57380571303833,30.14905847716924,46.1999662050694,-64.64243406790504,39.16666550498722,-64.33835669728177,-154.78013440740406,-14.010792736874947,45.09658575513561,96.01705766327433,-39.46892140710023
	Fitness: -5.734927588633058E39
	Number of Iterations: 25
[32mRun #1[0m
	Best Individual: [92.78613684175409,-14.443932645201576,43.42837742585509,32.84732632291694,-39.46504631636668,-27.176522126074737,80.51996105864492,-42.61188875144114,42.335521160398194,23.485662554159696,-36.201902929430084,26.66646764512383,29.433968483611167,-33.50182202558574,133.74801168264372,-45.63342525755795,121.04812592454249,32.17468772623876,-27.2706732692801,146.72311102004423,-23.400566084065353,-92.78475627603939,7.844135604358591,20.467808737804475,39.81766380798187,-32.622205655397565,-32.488439913549705,-58.586323904613245,-190.7538673040665,64.65304344380151,-118.1996364589341,-17.133830282463997,-67.58045580132753,-52.83016381926939,99.2534408084702,7.169500860112399,-35.87141811862037,146.60071915344167,130.73245689776192,-64.2380959819472,26.872813771719926,-64.70879421546792,-95.51978361274504,87.040325289817,27.099007789296294,54.39845260743233,17.239285827625537,20.67616702759777,-121.10219201471695,-83.4882924640803
	Fitness: -3.2098922394179794E39
	Number of Iterations: 26
[32mRun #2[0m
	Best Individual: [-19.689632751633372,-45.45735108843108,23.941296512916775,23.671325277960023,39.12134389088729,38.886317580542695,-30.24322089092749,45.869013235012275,20.001744847773978,-20.308654837940228,30.18835260177986,-57.35776197823955,-45.75367232208802,-48.376341177532495,-17.46780839108945,-26.759434540440964,-20.60505654372086,50.854837516285485,-124.56475444590589,-35.62742949060242,-41.78242226491602,-29.371964765010695,95.71370663709426,20.30222001919733,-38.85845747738372,-54.438726884528656,32.51515861774939,-73.92983273121152,-29.109830904467888,-70.82808679694713,71.47809446211423,-49.3006494745423,96.60528593578718,-20.524408005253207,61.25922458952204,32.6761921834803,-95.3678687181218,26.396462639867675,74.54659636142905,-70.17523079569581,-20.263772452635333,67.49234050436638,-70.95664641979492,58.68442357079209,-151.93003795306868,-126.93956912335076,-45.82862621847896,32.674742718877425,57.90725639017372,64.34928056463869
	Fitness: -6.595252412529781E38
	Number of Iterations: 25
[34mStatistics:[0m
	Average:            -3.201448356434672E39
numDimensions: 50
decomposeGenerations: 800
[32mRun #0[0m
	Best Individual: [-47.91497663217375,-38.71110146995021,-61.28417532453635,-114.20017318306799,-39.41546228246214,-99.49031874313198,-83.51057905727649,-102.5655880880633,-80.60910715667401,-46.516276997928344,127.57171162568432,29.738417659598895,51.33409050933471,55.33727898528541,8.03449569228939,-35.88170421343547,-36.30982184932683,-45.93952863634084,-67.24836708513077,158.00199685547148,-24.042333296113867,-17.265895496208763,48.88964241799623,-35.55187090869002,-60.42986500511191,27.65486192384312,-38.4506017460091,52.352069889838724,-39.28850373267218,83.56688305494251,186.05997779542193,-108.18528203065995,11.098292654292063,36.17149439148244,-45.798023499106044,-7.696765366895553,82.44792583977095,48.753201793646596,-121.25020615396832,38.88940340846578,-86.42973039881684,-105.93560927540318,27.375819134813796,-29.975698606092116,45.28215984145803,-63.590098862717156,-29.98198568465358,-44.63037217567892,-159.16057325068135,-35.96532593872258
	Fitness: -3.141945021294559E39
	Number of Iterations: 26
[32mRun #1[0m
	Best Individual: [49.1474448325703,-29.732646449400335,33.368221630421644,-64.3809793512777,80.68356658171801,71.56367367587649,20.516850127347507,17.072530325085026,29.96677782440995,-101.98376732541311,-26.325780537264933,-64.62828741736399,-152.72983385265456,99.38563801179558,-39.320363854508784,-58.27153255366643,33.01713939024688,21.285212419491724,20.55249809071365,26.689888472986162,-39.496322095546454,-180.73411703749946,89.66719104884372,-31.81921708828334,-64.23293187030762,161.12413301387784,-32.75849758247334,-51.30705537863732,27.056658655908343,89.47878929816912,13.80767630597194,39.342323569067275,-68.27581162737324,-45.898891357411706,-39.25694275309205,52.280812265081224,33.328795540830995,185.96127044694236,-71.29437045123555,-70.7397813171751,-16.767081015191938,26.978674280049752,-80.31451516024414,-14.263851477348979,73.9363891965121,32.89649743381001,-26.290152457876076,-105.37979147800178,29.435823349569613,132.95721490657223
	Fitness: -5.4162624851344285E39
	Number of Iterations: 25
[32mRun #2[0m
	Best Individual: [51.29931215242381,-74.39011335351265,-111.71747863016995,67.36688892542847,33.67024864677829,89.67144236954583,-38.72275033340641,27.266516976230335,20.098849622127165,-71.01931342169325,-45.624137054580416,61.47190607369646,64.96518451362721,-7.812338179059031,58.31983364863032,48.55909011320228,-20.392591724106275,-26.768855381715525,-7.987350488803995,33.44673003364262,48.37661591471232,-36.968497318484154,-33.583054695485124,-26.367387392413093,-114.94499317073266,-61.10531223927253,74.4257673332689,45.589423006993,51.81989035741906,46.23665743829225,-55.6001379759506,13.527566381651734,51.13831564857145,-70.92453716956881,14.39871699654494,20.317275825487584,65.13507313723258,-70.24621657709635,27.445238685652892,70.5336300122199,45.438247902771934,58.00695326308713,-26.639234625623153,107.90218961396073,-109.12858345653507,-48.732146420142385,82.85285274421116,-120.01314307863751,20.369151087346808,-33.32008958693627
	Fitness: -6.645581733487835E38
	Number of Iterations: 25
[34mStatistics:[0m
	Average:            -3.0742552265925906E39
numDimensions: 50
decomposeGenerations: 800
[32mRun #0[0m
Makefile:16: recipe for target 'run' failed
